2018-07-25 14:01:17 - handler.py:23(handler:login) - DEBUG - {'code': 200, 'msg': '登录成功', 'data': {'id': 3, 'name': 'zhangsan', 'account': 'zhangsan', 'password': '123456', 'qq': '329287399', 'role_id': 1}}
2018-07-25 14:01:21 - handler.py:329(handler:show_student_info) - DEBUG - {'code': 200, 'msg': '查询学员个人信息成功', 'data': [{'id': 3, 'name': 'zhangsan', 'account': 'zhangsan', 'password': '123456', 'qq': '329287399', 'role_id': 1}, ['python1班', 'java2班', 'C语言3班']]}
2018-07-25 14:01:33 - handler.py:351(handler:show_student_homework) - DEBUG - {'code': 200, 'msg': '查询学员个人家庭作业信息成功', 'data': [{'课程记录': {'id': 2, 'date': datetime.datetime(2018, 7, 16, 16, 23, 3), 'teacher_id': 2, 'class_id': 1, 'description': '课程1，作业：计算1+1'}, '课程作业：': {'id': 1, 'homework_path': None, 'record_id': 2, 'student_id': 3, 'score': None}}]}
2018-07-25 14:02:17 - handler.py:310(handler:commit_homework) - DEBUG - {'code': 200, 'msg': '上传作业文件成功'}
2018-07-25 14:02:26 - handler.py:351(handler:show_student_homework) - DEBUG - {'code': 200, 'msg': '查询学员个人家庭作业信息成功', 'data': [{'课程记录': {'id': 2, 'date': datetime.datetime(2018, 7, 16, 16, 23, 3), 'teacher_id': 2, 'class_id': 1, 'description': '课程1，作业：计算1+1'}, '课程作业：': {'id': 1, 'homework_path': '/test1/homework1.zip', 'record_id': 2, 'student_id': 3, 'score': None}}]}
2018-07-25 14:10:09 - handler.py:23(handler:login) - DEBUG - {'code': 200, 'msg': '登录成功', 'data': {'id': 3, 'name': 'zhangsan', 'account': 'zhangsan', 'password': '123456', 'qq': '329287399', 'role_id': 1}}
2018-07-25 14:10:15 - handler.py:399(handler:query_score_and_rank) - DEBUG - {'code': 200, 'msg': '通过qq号添加学员到班级成功', 'data': {}}
2018-07-25 14:13:06 - handler.py:23(handler:login) - DEBUG - {'code': 200, 'msg': '登录成功', 'data': {'id': 3, 'name': 'zhangsan', 'account': 'zhangsan', 'password': '123456', 'qq': '329287399', 'role_id': 1}}
2018-07-25 14:13:09 - handler.py:400(handler:query_score_and_rank) - DEBUG - {'code': 200, 'msg': '查询个人成绩成功', 'data': '你的作业还未被老师查阅并给出成绩'}
2018-07-25 14:15:15 - handler.py:23(handler:login) - DEBUG - {'code': 200, 'msg': '登录成功', 'data': {'id': 2, 'name': 'alex', 'account': 'alex', 'password': '123456', 'qq': '329280192', 'role_id': 2}}
2018-07-25 14:15:30 - handler.py:185(handler:query_class) - DEBUG - {'code': 200, 'msg': '查询班级详情成功', 'data': {'id': 1, 'name': 'python1班'}}
2018-07-25 14:15:34 - handler.py:200(handler:list_class) - DEBUG - {'code': 200, 'msg': '查询班级列表成功', 'data': [{'id': 1, 'name': 'python1班'}, {'id': 2, 'name': 'java2班'}, {'id': 3, 'name': 'C语言3班'}]}
2018-07-25 14:15:44 - handler.py:239(handler:list_record) - DEBUG - {'code': 200, 'msg': '查询上课记录列表成功', 'data': [{'id': 2, 'date': datetime.datetime(2018, 7, 16, 16, 23, 3), 'teacher_id': 2, 'class_id': 1, 'description': '课程1，作业：计算1+1'}]}
2018-07-25 14:16:34 - handler.py:239(handler:list_record) - DEBUG - {'code': 200, 'msg': '查询上课记录列表成功', 'data': [{'id': 2, 'date': datetime.datetime(2018, 7, 16, 16, 23, 3), 'teacher_id': 2, 'class_id': 1, 'description': '课程1，作业：计算1+1'}]}
2018-07-25 14:17:15 - handler.py:276(handler:list_homework_by_record_id) - DEBUG - {'code': 200, 'msg': '查询上课作业列表成功', 'data': [{'id': 1, 'homework_path': '/test1/homework1.zip', 'record_id': 2, 'student_id': 3, 'score': None}, {'id': 2, 'homework_path': None, 'record_id': 2, 'student_id': 4, 'score': None}]}
2018-07-25 14:17:35 - handler.py:239(handler:list_record) - DEBUG - {'code': 200, 'msg': '查询上课记录列表成功', 'data': [{'id': 2, 'date': datetime.datetime(2018, 7, 16, 16, 23, 3), 'teacher_id': 2, 'class_id': 1, 'description': '课程1，作业：计算1+1'}]}
2018-07-25 14:17:42 - handler.py:276(handler:list_homework_by_record_id) - DEBUG - {'code': 400, 'msg': '查询上课作业列表失败，详情：上课记录id不存在'}
2018-07-25 14:17:48 - handler.py:276(handler:list_homework_by_record_id) - DEBUG - {'code': 200, 'msg': '查询上课作业列表成功', 'data': [{'id': 1, 'homework_path': '/test1/homework1.zip', 'record_id': 2, 'student_id': 3, 'score': None}, {'id': 2, 'homework_path': None, 'record_id': 2, 'student_id': 4, 'score': None}]}
2018-07-25 14:30:19 - handler.py:23(handler:login) - DEBUG - {'code': 200, 'msg': '登录成功', 'data': {'id': 2, 'name': 'alex', 'account': 'alex', 'password': '123456', 'qq': '329280192', 'role_id': 2}}
2018-07-25 14:30:27 - handler.py:276(handler:list_homework_by_record_id) - DEBUG - {'code': 200, 'msg': '查询上课作业列表成功', 'data': [{'id': 1, 'homework_path': '/test1/homework1.zip', 'record_id': 2, 'student_id': 3, 'score': None}, {'id': 2, 'homework_path': None, 'record_id': 2, 'student_id': 4, 'score': None}]}
2018-07-25 14:34:30 - handler.py:23(handler:login) - DEBUG - {'code': 200, 'msg': '登录成功', 'data': {'id': 4, 'name': 'lisi', 'account': 'lisi', 'password': '123456', 'qq': '39947747', 'role_id': 1}}
2018-07-25 14:34:49 - handler.py:349(handler:show_student_homework) - DEBUG - {'code': 200, 'msg': '查询学员个人家庭作业信息成功', 'data': [{'课程记录': {'id': 2, 'date': datetime.datetime(2018, 7, 16, 16, 23, 3), 'teacher_id': 2, 'class_id': 1, 'description': '课程1，作业：计算1+1'}, '课程作业：': {'id': 2, 'homework_path': None, 'record_id': 2, 'student_id': 4, 'score': None}}]}
2018-07-25 14:35:25 - handler.py:308(handler:commit_homework) - DEBUG - {'code': 200, 'msg': '上传作业文件成功'}
2018-07-25 14:35:37 - handler.py:398(handler:query_score_and_rank) - DEBUG - {'code': 200, 'msg': '查询个人成绩成功', 'data': '你的作业还未被老师查阅并给出成绩'}
2018-07-25 14:35:58 - handler.py:23(handler:login) - DEBUG - {'code': 200, 'msg': '登录成功', 'data': {'id': 2, 'name': 'alex', 'account': 'alex', 'password': '123456', 'qq': '329280192', 'role_id': 2}}
2018-07-25 14:36:06 - handler.py:276(handler:list_homework_by_record_id) - DEBUG - {'code': 200, 'msg': '查询上课作业列表成功', 'data': [{'id': 1, 'homework_path': '/test1/homework1.zip', 'record_id': 2, 'student_id': 3, 'score': None}, {'id': 2, 'homework_path': '/test2/homework2.zip', 'record_id': 2, 'student_id': 4, 'score': None}]}
2018-07-25 14:36:43 - handler.py:293(handler:update_homework_score) - DEBUG - {'code': 200, 'msg': '更新学员作业成绩成功'}
2018-07-25 14:37:04 - handler.py:293(handler:update_homework_score) - DEBUG - {'code': 200, 'msg': '更新学员作业成绩成功'}
2018-07-25 14:37:30 - handler.py:23(handler:login) - DEBUG - {'code': 200, 'msg': '登录成功', 'data': {'id': 3, 'name': 'zhangsan', 'account': 'zhangsan', 'password': '123456', 'qq': '329287399', 'role_id': 1}}
2018-07-25 14:37:38 - handler.py:349(handler:show_student_homework) - DEBUG - {'code': 200, 'msg': '查询学员个人家庭作业信息成功', 'data': [{'课程记录': {'id': 2, 'date': datetime.datetime(2018, 7, 16, 16, 23, 3), 'teacher_id': 2, 'class_id': 1, 'description': '课程1，作业：计算1+1'}, '课程作业：': {'id': 1, 'homework_path': '/test1/homework1.zip', 'record_id': 2, 'student_id': 3, 'score': 98}}]}
2018-07-25 14:38:16 - handler.py:398(handler:query_score_and_rank) - DEBUG - {'code': 400, 'msg': '通过qq号添加学员到班级失败，详情：课程作业id错误，请核对后再试'}
2018-07-25 14:38:23 - handler.py:349(handler:show_student_homework) - DEBUG - {'code': 200, 'msg': '查询学员个人家庭作业信息成功', 'data': [{'课程记录': {'id': 2, 'date': datetime.datetime(2018, 7, 16, 16, 23, 3), 'teacher_id': 2, 'class_id': 1, 'description': '课程1，作业：计算1+1'}, '课程作业：': {'id': 1, 'homework_path': '/test1/homework1.zip', 'record_id': 2, 'student_id': 3, 'score': 98}}]}
2018-07-25 14:38:58 - handler.py:398(handler:query_score_and_rank) - DEBUG - {'code': 200, 'msg': '查询个人成绩成功', 'data': {'rank': 1, 'score': 98}}
2018-07-25 14:42:24 - handler.py:23(handler:login) - DEBUG - {'code': 200, 'msg': '登录成功', 'data': {'id': 4, 'name': 'lisi', 'account': 'lisi', 'password': '123456', 'qq': '39947747', 'role_id': 1}}
2018-07-25 14:42:42 - handler.py:349(handler:show_student_homework) - DEBUG - {'code': 200, 'msg': '查询学员个人家庭作业信息成功', 'data': [{'课程记录': {'id': 2, 'date': datetime.datetime(2018, 7, 16, 16, 23, 3), 'teacher_id': 2, 'class_id': 1, 'description': '课程1，作业：计算1+1'}, '课程作业：': {'id': 2, 'homework_path': '/test2/homework2.zip', 'record_id': 2, 'student_id': 4, 'score': 99}}]}
2018-07-25 14:42:49 - handler.py:398(handler:query_score_and_rank) - DEBUG - {'code': 200, 'msg': '查询个人成绩成功', 'data': {'rank': 2, 'score': 99}}
2018-07-25 14:43:35 - handler.py:23(handler:login) - DEBUG - {'code': 200, 'msg': '登录成功', 'data': {'id': 3, 'name': 'zhangsan', 'account': 'zhangsan', 'password': '123456', 'qq': '329287399', 'role_id': 1}}
2018-07-25 14:43:38 - handler.py:398(handler:query_score_and_rank) - DEBUG - {'code': 200, 'msg': '查询个人成绩成功', 'data': {'rank': 2, 'score': 98}}
2018-07-25 14:49:04 - handler.py:23(handler:login) - DEBUG - {'code': 200, 'msg': '登录成功', 'data': {'id': 3, 'name': 'zhangsan', 'account': 'zhangsan', 'password': '123456', 'qq': '329287399', 'role_id': 1}}
2018-07-25 14:49:10 - handler.py:399(handler:query_score_and_rank) - DEBUG - {'code': 200, 'msg': '查询个人成绩成功', 'data': {'rank': 2, 'score': 98}}
2018-07-25 14:50:57 - handler.py:23(handler:login) - DEBUG - {'code': 200, 'msg': '登录成功', 'data': {'id': 3, 'name': 'zhangsan', 'account': 'zhangsan', 'password': '123456', 'qq': '329287399', 'role_id': 1}}
2018-07-25 14:51:01 - handler.py:399(handler:query_score_and_rank) - DEBUG - {'code': 200, 'msg': '查询个人成绩成功', 'data': {'rank': 1, 'score': 98}}
2018-07-25 14:51:40 - handler.py:23(handler:login) - DEBUG - {'code': 200, 'msg': '登录成功', 'data': {'id': 4, 'name': 'lisi', 'account': 'lisi', 'password': '123456', 'qq': '39947747', 'role_id': 1}}
2018-07-25 14:51:43 - handler.py:399(handler:query_score_and_rank) - DEBUG - {'code': 200, 'msg': '查询个人成绩成功', 'data': {'rank': 2, 'score': 88}}
2018-07-25 14:58:17 - handler.py:23(handler:login) - DEBUG - {'code': 200, 'msg': '登录成功', 'data': {'id': 3, 'name': 'zhangsan', 'account': 'zhangsan', 'password': '123456', 'qq': '329287399', 'role_id': 1}}
2018-07-25 15:00:25 - handler.py:23(handler:login) - DEBUG - {'code': 200, 'msg': '登录成功', 'data': {'id': 3, 'name': 'zhangsan', 'account': 'zhangsan', 'password': '123456', 'qq': '329287399', 'role_id': 1}}
2018-07-25 15:00:30 - handler.py:327(handler:show_student_info) - DEBUG - {'code': 200, 'msg': '查询学员个人信息成功', 'data': [{'id': 3, 'name': 'zhangsan', 'account': 'zhangsan', 'password': '123456', 'qq': '329287399', 'role_id': 1}, ['python1班', 'java2班', 'C语言3班']]}
2018-07-25 15:00:34 - handler.py:349(handler:show_student_homework) - DEBUG - {'code': 200, 'msg': '查询学员个人家庭作业信息成功', 'data': [{'课程记录': {'id': 2, 'date': datetime.datetime(2018, 7, 16, 16, 23, 3), 'teacher_id': 2, 'class_id': 1, 'description': '课程1，作业：计算1+1'}, '课程作业：': {'id': 1, 'homework_path': '/test1/homework1.zip', 'record_id': 2, 'student_id': 3, 'score': 98}}]}
2018-07-25 15:06:01 - handler.py:23(handler:login) - DEBUG - {'code': 200, 'msg': '登录成功', 'data': {'id': 3, 'name': 'zhangsan', 'account': 'zhangsan', 'password': '123456', 'qq': '329287399', 'role_id': 1}}
2018-07-25 15:06:04 - handler.py:400(handler:query_score_and_rank) - DEBUG - {'code': 400, 'msg': '通过qq号添加学员到班级失败，详情：课程作业id不存在'}
