2018-04-22 18:10:20 - auth.py:15(auth:deco) - DEBUG - {'code': 200, 'msg': '认证成功，用户lisi已成功登陆'}
2018-04-22 18:10:36 - auth.py:15(auth:deco) - DEBUG - {'code': 200, 'msg': '认证成功，用户lisi已成功登陆'}
2018-04-22 18:10:57 - auth.py:15(auth:deco) - DEBUG - {'code': 200, 'msg': '认证成功，用户lisi已成功登陆'}
2018-04-22 18:13:45 - auth.py:15(auth:deco) - DEBUG - {'code': 200, 'msg': '认证成功，用户lisi已成功登陆'}
2018-04-22 18:13:49 - auth.py:15(auth:deco) - DEBUG - {'code': 200, 'msg': '认证成功，用户lisi已成功登陆'}
2018-04-22 18:14:51 - auth.py:15(auth:deco) - DEBUG - {'code': 200, 'msg': '认证成功，用户lisi已成功登陆'}
2018-04-22 18:14:53 - auth.py:15(auth:deco) - DEBUG - {'code': 200, 'msg': '认证成功，用户lisi已成功登陆'}
2018-04-22 18:14:57 - auth.py:15(auth:deco) - DEBUG - {'code': 200, 'msg': '认证成功，用户lisi已成功登陆'}
2018-04-22 18:32:45 - auth.py:15(auth:deco) - DEBUG - {'code': 200, 'msg': '认证成功，用户zhangsan已成功登陆'}
2018-04-22 18:32:48 - auth.py:15(auth:deco) - DEBUG - {'code': 200, 'msg': '认证成功，用户zhangsan已成功登陆'}
2018-04-22 18:36:11 - auth.py:15(auth:deco) - DEBUG - {'code': 200, 'msg': '认证成功，用户zhangsan已成功登陆'}
2018-04-22 18:36:16 - auth.py:15(auth:deco) - DEBUG - {'code': 200, 'msg': '认证成功，用户zhangsan已成功登陆'}
2018-04-22 18:39:34 - auth.py:15(auth:deco) - DEBUG - {'code': 200, 'msg': '认证成功，用户zhangsan已成功登陆'}
2018-04-22 18:39:36 - auth.py:15(auth:deco) - DEBUG - {'code': 200, 'msg': '认证成功，用户zhangsan已成功登陆'}
2018-04-22 18:40:42 - auth.py:15(auth:deco) - DEBUG - {'code': 200, 'msg': '认证成功，用户zhangsan已成功登陆'}
2018-04-22 18:40:47 - auth.py:15(auth:deco) - DEBUG - {'code': 200, 'msg': '认证成功，用户zhangsan已成功登陆'}
2018-04-22 18:40:57 - auth.py:15(auth:deco) - DEBUG - {'code': 200, 'msg': '认证成功，用户zhangsan已成功登陆'}
2018-04-22 18:41:08 - auth.py:15(auth:deco) - DEBUG - {'code': 200, 'msg': '认证成功，用户zhangsan已成功登陆'}
2018-04-22 18:44:25 - auth.py:15(auth:deco) - DEBUG - {'code': 200, 'msg': '认证成功，用户lisi已成功登陆'}
2018-04-22 18:44:27 - auth.py:15(auth:deco) - DEBUG - {'code': 200, 'msg': '认证成功，用户lisi已成功登陆'}
2018-04-22 18:44:31 - auth.py:15(auth:deco) - DEBUG - {'code': 200, 'msg': '认证成功，用户lisi已成功登陆'}
2018-04-22 18:44:42 - auth.py:15(auth:deco) - DEBUG - {'code': 200, 'msg': '认证成功，用户lisi已成功登陆'}
2018-04-22 18:53:32 - auth.py:15(auth:deco) - DEBUG - {'code': 200, 'msg': '认证成功，用户zhangsan已成功登陆'}
2018-04-22 18:53:38 - auth.py:15(auth:deco) - DEBUG - {'code': 200, 'msg': '认证成功，用户zhangsan已成功登陆'}
2018-04-22 18:53:53 - auth.py:15(auth:deco) - DEBUG - {'code': 200, 'msg': '认证成功，用户zhangsan已成功登陆'}
2018-04-22 18:53:57 - auth.py:15(auth:deco) - DEBUG - {'code': 200, 'msg': '认证成功，用户zhangsan已成功登陆'}
2018-04-22 18:54:14 - auth.py:15(auth:deco) - DEBUG - {'code': 200, 'msg': '认证成功，用户zhangsan已成功登陆'}
2018-04-22 18:54:25 - auth.py:15(auth:deco) - DEBUG - {'code': 200, 'msg': '认证成功，用户zhangsan已成功登陆'}
2018-04-22 18:54:38 - auth.py:15(auth:deco) - DEBUG - {'code': 200, 'msg': '认证成功，用户zhangsan已成功登陆'}
2018-04-22 18:55:06 - auth.py:15(auth:deco) - DEBUG - {'code': 200, 'msg': '认证成功，用户zhangsan已成功登陆'}
2018-04-22 18:55:25 - auth.py:15(auth:deco) - DEBUG - {'code': 200, 'msg': '认证成功，用户zhangsan已成功登陆'}
2018-04-22 18:56:01 - auth.py:15(auth:deco) - DEBUG - {'code': 200, 'msg': '认证成功，用户zhangsan已成功登陆'}
2018-04-22 18:56:06 - auth.py:15(auth:deco) - DEBUG - {'code': 200, 'msg': '认证成功，用户zhangsan已成功登陆'}
2018-04-22 18:56:33 - auth.py:15(auth:deco) - DEBUG - {'code': 200, 'msg': '认证成功，用户zhangsan已成功登陆'}
2018-04-22 19:04:02 - auth.py:15(auth:deco) - DEBUG - {'code': 200, 'msg': '认证成功，用户zhangsan已成功登陆'}
2018-04-22 19:04:08 - auth.py:15(auth:deco) - DEBUG - {'code': 200, 'msg': '认证成功，用户zhangsan已成功登陆'}
2018-04-22 19:04:15 - auth.py:15(auth:deco) - DEBUG - {'code': 200, 'msg': '认证成功，用户zhangsan已成功登陆'}
2018-04-22 19:04:23 - auth.py:15(auth:deco) - DEBUG - {'code': 200, 'msg': '认证成功，用户zhangsan已成功登陆'}
2018-04-22 19:04:36 - auth.py:15(auth:deco) - DEBUG - {'code': 200, 'msg': '认证成功，用户zhangsan已成功登陆'}
2018-04-22 19:04:46 - auth.py:15(auth:deco) - DEBUG - {'code': 200, 'msg': '认证成功，用户zhangsan已成功登陆'}
2018-04-22 19:05:10 - auth.py:20(auth:deco) - DEBUG - {'code': 400, 'msg': '认证失败，当前是未登录状态,请先登录用户'}
2018-04-22 19:07:16 - auth.py:15(auth:deco) - DEBUG - {'code': 200, 'msg': '认证成功，用户zhangsan已成功登陆'}
2018-04-22 19:07:20 - auth.py:15(auth:deco) - DEBUG - {'code': 200, 'msg': '认证成功，用户zhangsan已成功登陆'}
2018-04-22 19:07:25 - auth.py:15(auth:deco) - DEBUG - {'code': 200, 'msg': '认证成功，用户zhangsan已成功登陆'}
2018-04-22 19:07:27 - auth.py:15(auth:deco) - DEBUG - {'code': 200, 'msg': '认证成功，用户zhangsan已成功登陆'}
2018-04-22 19:08:09 - auth.py:15(auth:deco) - DEBUG - {'code': 200, 'msg': '认证成功，用户alex123已成功登陆'}
2018-04-22 19:12:13 - auth.py:15(auth:deco) - DEBUG - {'code': 200, 'msg': '认证成功，用户alex123已成功登陆'}
2018-04-22 19:12:58 - auth.py:15(auth:deco) - DEBUG - {'code': 200, 'msg': '认证成功，用户alex123已成功登陆'}
2018-04-22 19:13:13 - auth.py:15(auth:deco) - DEBUG - {'code': 200, 'msg': '认证成功，用户jack123已成功登陆'}
2018-04-22 19:23:13 - auth.py:15(auth:deco) - DEBUG - {'code': 200, 'msg': '认证成功，用户admin已成功登陆'}
2018-04-22 19:23:17 - auth.py:15(auth:deco) - DEBUG - {'code': 200, 'msg': '认证成功，用户admin已成功登陆'}
2018-04-22 19:23:36 - auth.py:15(auth:deco) - DEBUG - {'code': 200, 'msg': '认证成功，用户admin已成功登陆'}
2018-04-22 19:23:56 - auth.py:15(auth:deco) - DEBUG - {'code': 200, 'msg': '认证成功，用户admin已成功登陆'}
2018-04-22 19:24:02 - auth.py:15(auth:deco) - DEBUG - {'code': 200, 'msg': '认证成功，用户admin已成功登陆'}
2018-04-22 19:24:47 - auth.py:15(auth:deco) - DEBUG - {'code': 200, 'msg': '认证成功，用户admin已成功登陆'}
2018-04-22 19:25:17 - auth.py:15(auth:deco) - DEBUG - {'code': 200, 'msg': '认证成功，用户admin已成功登陆'}
2018-04-22 19:25:39 - auth.py:15(auth:deco) - DEBUG - {'code': 200, 'msg': '认证成功，用户admin已成功登陆'}
2018-04-22 19:28:48 - auth.py:15(auth:deco) - DEBUG - {'code': 200, 'msg': '认证成功，用户admin已成功登陆'}
2018-04-22 19:36:11 - auth.py:15(auth:deco) - DEBUG - {'code': 200, 'msg': '认证成功，用户admin已成功登陆'}
2018-04-22 19:36:15 - auth.py:15(auth:deco) - DEBUG - {'code': 200, 'msg': '认证成功，用户admin已成功登陆'}
2018-04-22 19:37:56 - auth.py:15(auth:deco) - DEBUG - {'code': 200, 'msg': '认证成功，用户admin已成功登陆'}
2018-04-22 19:37:59 - auth.py:15(auth:deco) - DEBUG - {'code': 200, 'msg': '认证成功，用户admin已成功登陆'}
2018-04-22 19:39:28 - auth.py:15(auth:deco) - DEBUG - {'code': 200, 'msg': '认证成功，用户admin已成功登陆'}
2018-04-22 19:39:38 - auth.py:15(auth:deco) - DEBUG - {'code': 200, 'msg': '认证成功，用户admin已成功登陆'}
2018-04-22 19:40:10 - auth.py:15(auth:deco) - DEBUG - {'code': 200, 'msg': '认证成功，用户admin已成功登陆'}
2018-04-22 19:42:00 - auth.py:15(auth:deco) - DEBUG - {'code': 200, 'msg': '认证成功，用户admin已成功登陆'}
2018-04-22 19:42:03 - auth.py:15(auth:deco) - DEBUG - {'code': 200, 'msg': '认证成功，用户admin已成功登陆'}
2018-04-22 19:49:10 - auth.py:15(auth:deco) - DEBUG - {'code': 200, 'msg': '认证成功，用户admin已成功登陆'}
2018-04-22 19:49:12 - auth.py:15(auth:deco) - DEBUG - {'code': 200, 'msg': '认证成功，用户admin已成功登陆'}
2018-04-22 20:52:49 - auth.py:15(auth:deco) - DEBUG - {'code': 200, 'msg': '认证成功，用户admin已成功登陆'}
2018-04-22 20:52:50 - auth.py:15(auth:deco) - DEBUG - {'code': 200, 'msg': '认证成功，用户admin已成功登陆'}
2018-04-22 20:52:58 - auth.py:15(auth:deco) - DEBUG - {'code': 200, 'msg': '认证成功，用户admin已成功登陆'}
2018-04-22 20:54:01 - auth.py:15(auth:deco) - DEBUG - {'code': 200, 'msg': '认证成功，用户admin已成功登陆'}
2018-04-22 20:54:05 - auth.py:15(auth:deco) - DEBUG - {'code': 200, 'msg': '认证成功，用户admin已成功登陆'}
2018-04-22 21:03:08 - auth.py:15(auth:deco) - DEBUG - {'code': 200, 'msg': '认证成功，用户admin已成功登陆'}
2018-04-22 21:03:11 - auth.py:15(auth:deco) - DEBUG - {'code': 200, 'msg': '认证成功，用户admin已成功登陆'}
2018-04-22 21:04:22 - auth.py:15(auth:deco) - DEBUG - {'code': 200, 'msg': '认证成功，用户admin已成功登陆'}
2018-04-22 21:04:24 - auth.py:15(auth:deco) - DEBUG - {'code': 200, 'msg': '认证成功，用户admin已成功登陆'}
2018-04-22 21:06:05 - auth.py:15(auth:deco) - DEBUG - {'code': 200, 'msg': '认证成功，用户admin已成功登陆'}
2018-04-22 21:06:07 - auth.py:15(auth:deco) - DEBUG - {'code': 200, 'msg': '认证成功，用户admin已成功登陆'}
2018-04-22 23:25:11 - auth.py:15(auth:deco) - DEBUG - {'code': 200, 'msg': '认证成功，用户zhangsan已成功登陆'}
2018-04-22 23:25:13 - auth.py:15(auth:deco) - DEBUG - {'code': 200, 'msg': '认证成功，用户zhangsan已成功登陆'}
2018-04-22 23:28:09 - auth.py:15(auth:deco) - DEBUG - {'code': 200, 'msg': '认证成功，用户zhangsan已成功登陆'}
2018-04-22 23:28:13 - auth.py:15(auth:deco) - DEBUG - {'code': 200, 'msg': '认证成功，用户zhangsan已成功登陆'}
2018-04-22 23:34:22 - auth.py:15(auth:deco) - DEBUG - {'code': 200, 'msg': '认证成功，用户zhangsan已成功登陆'}
2018-04-22 23:34:23 - auth.py:15(auth:deco) - DEBUG - {'code': 200, 'msg': '认证成功，用户zhangsan已成功登陆'}
2018-04-22 23:35:16 - auth.py:15(auth:deco) - DEBUG - {'code': 200, 'msg': '认证成功，用户zhangsan已成功登陆'}
2018-04-22 23:35:17 - auth.py:15(auth:deco) - DEBUG - {'code': 200, 'msg': '认证成功，用户zhangsan已成功登陆'}
2018-04-22 23:38:04 - auth.py:15(auth:deco) - DEBUG - {'code': 200, 'msg': '认证成功，用户zhangsan已成功登陆'}
2018-04-22 23:38:13 - auth.py:15(auth:deco) - DEBUG - {'code': 200, 'msg': '认证成功，用户admin已成功登陆'}
2018-04-22 23:38:18 - auth.py:15(auth:deco) - DEBUG - {'code': 200, 'msg': '认证成功，用户admin已成功登陆'}
2018-04-22 23:43:14 - auth.py:15(auth:deco) - DEBUG - {'code': 200, 'msg': '认证成功，用户zhangsan已成功登陆'}
2018-04-22 23:43:17 - auth.py:15(auth:deco) - DEBUG - {'code': 200, 'msg': '认证成功，用户zhangsan已成功登陆'}
2018-04-22 23:45:34 - auth.py:15(auth:deco) - DEBUG - {'code': 200, 'msg': '认证成功，用户admin已成功登陆'}
2018-04-22 23:45:36 - auth.py:15(auth:deco) - DEBUG - {'code': 200, 'msg': '认证成功，用户admin已成功登陆'}
2018-04-22 23:48:33 - auth.py:15(auth:deco) - DEBUG - {'code': 200, 'msg': '认证成功，用户admin已成功登陆'}
2018-04-22 23:48:35 - auth.py:15(auth:deco) - DEBUG - {'code': 200, 'msg': '认证成功，用户admin已成功登陆'}
2018-04-23 00:09:53 - auth.py:15(auth:deco) - DEBUG - {'code': 200, 'msg': '认证成功，用户admin已成功登陆'}
2018-04-23 00:09:55 - auth.py:15(auth:deco) - DEBUG - {'code': 200, 'msg': '认证成功，用户admin已成功登陆'}
2018-04-23 00:13:10 - auth.py:15(auth:deco) - DEBUG - {'code': 200, 'msg': '认证成功，用户admin已成功登陆'}
2018-04-23 00:13:14 - auth.py:15(auth:deco) - DEBUG - {'code': 200, 'msg': '认证成功，用户admin已成功登陆'}
2018-04-23 00:20:43 - auth.py:15(auth:deco) - DEBUG - {'code': 200, 'msg': '认证成功，用户admin已成功登陆'}
2018-04-23 00:20:47 - auth.py:15(auth:deco) - DEBUG - {'code': 200, 'msg': '认证成功，用户admin已成功登陆'}
2018-04-23 00:20:54 - auth.py:15(auth:deco) - DEBUG - {'code': 200, 'msg': '认证成功，用户admin已成功登陆'}
2018-04-23 00:21:02 - auth.py:15(auth:deco) - DEBUG - {'code': 200, 'msg': '认证成功，用户admin已成功登陆'}
2018-04-23 00:21:06 - auth.py:15(auth:deco) - DEBUG - {'code': 200, 'msg': '认证成功，用户admin已成功登陆'}
2018-04-23 00:21:38 - auth.py:15(auth:deco) - DEBUG - {'code': 200, 'msg': '认证成功，用户admin已成功登陆'}
2018-04-23 00:21:55 - auth.py:15(auth:deco) - DEBUG - {'code': 200, 'msg': '认证成功，用户admin已成功登陆'}
2018-04-23 00:22:28 - auth.py:15(auth:deco) - DEBUG - {'code': 200, 'msg': '认证成功，用户admin已成功登陆'}
2018-04-23 00:23:38 - auth.py:15(auth:deco) - DEBUG - {'code': 200, 'msg': '认证成功，用户admin已成功登陆'}
2018-04-23 00:24:23 - auth.py:15(auth:deco) - DEBUG - {'code': 200, 'msg': '认证成功，用户admin已成功登陆'}
2018-04-23 00:25:06 - auth.py:15(auth:deco) - DEBUG - {'code': 200, 'msg': '认证成功，用户admin已成功登陆'}
2018-04-23 00:26:13 - auth.py:15(auth:deco) - DEBUG - {'code': 200, 'msg': '认证成功，用户alex已成功登陆'}
2018-04-23 00:36:13 - auth.py:15(auth:deco) - DEBUG - {'code': 200, 'msg': '认证成功，用户admin已成功登陆'}
2018-04-23 00:36:20 - auth.py:15(auth:deco) - DEBUG - {'code': 200, 'msg': '认证成功，用户admin已成功登陆'}
2018-04-23 00:36:55 - auth.py:15(auth:deco) - DEBUG - {'code': 200, 'msg': '认证成功，用户admin已成功登陆'}
2018-04-23 00:37:58 - auth.py:15(auth:deco) - DEBUG - {'code': 200, 'msg': '认证成功，用户admin已成功登陆'}
2018-04-23 00:38:02 - auth.py:15(auth:deco) - DEBUG - {'code': 200, 'msg': '认证成功，用户admin已成功登陆'}
2018-04-23 00:38:09 - auth.py:15(auth:deco) - DEBUG - {'code': 200, 'msg': '认证成功，用户admin已成功登陆'}
2018-04-23 23:08:33 - auth.py:15(auth:deco) - DEBUG - {'code': 200, 'msg': '认证成功，用户zhangsan已成功登陆'}
2018-04-23 23:09:49 - auth.py:15(auth:deco) - DEBUG - {'code': 200, 'msg': '认证成功，用户zhangsan已成功登陆'}
2018-04-23 23:10:07 - auth.py:15(auth:deco) - DEBUG - {'code': 200, 'msg': '认证成功，用户zhangsan已成功登陆'}
2018-04-23 23:10:17 - auth.py:15(auth:deco) - DEBUG - {'code': 200, 'msg': '认证成功，用户zhangsan已成功登陆'}
2018-04-23 23:10:31 - auth.py:15(auth:deco) - DEBUG - {'code': 200, 'msg': '认证成功，用户zhangsan已成功登陆'}
2018-04-23 23:10:39 - auth.py:15(auth:deco) - DEBUG - {'code': 200, 'msg': '认证成功，用户zhangsan已成功登陆'}
2018-04-23 23:10:53 - auth.py:15(auth:deco) - DEBUG - {'code': 200, 'msg': '认证成功，用户zhangsan已成功登陆'}
2018-04-23 23:11:07 - auth.py:15(auth:deco) - DEBUG - {'code': 200, 'msg': '认证成功，用户zhangsan已成功登陆'}
2018-04-23 23:11:18 - auth.py:15(auth:deco) - DEBUG - {'code': 200, 'msg': '认证成功，用户zhangsan已成功登陆'}
2018-04-23 23:11:23 - auth.py:15(auth:deco) - DEBUG - {'code': 200, 'msg': '认证成功，用户zhangsan已成功登陆'}
2018-04-23 23:11:43 - auth.py:15(auth:deco) - DEBUG - {'code': 200, 'msg': '认证成功，用户zhangsan已成功登陆'}
2018-04-23 23:11:56 - auth.py:15(auth:deco) - DEBUG - {'code': 200, 'msg': '认证成功，用户zhangsan已成功登陆'}
2018-04-23 23:12:07 - auth.py:15(auth:deco) - DEBUG - {'code': 200, 'msg': '认证成功，用户zhangsan已成功登陆'}
2018-04-23 23:12:18 - auth.py:15(auth:deco) - DEBUG - {'code': 200, 'msg': '认证成功，用户zhangsan已成功登陆'}
2018-04-23 23:12:28 - auth.py:15(auth:deco) - DEBUG - {'code': 200, 'msg': '认证成功，用户zhangsan已成功登陆'}
2018-04-23 23:12:37 - auth.py:15(auth:deco) - DEBUG - {'code': 200, 'msg': '认证成功，用户zhangsan已成功登陆'}
2018-04-23 23:12:42 - auth.py:15(auth:deco) - DEBUG - {'code': 200, 'msg': '认证成功，用户zhangsan已成功登陆'}
2018-04-23 23:13:02 - auth.py:15(auth:deco) - DEBUG - {'code': 200, 'msg': '认证成功，用户zhangsan已成功登陆'}
2018-04-23 23:14:06 - auth.py:15(auth:deco) - DEBUG - {'code': 200, 'msg': '认证成功，用户alex已成功登陆'}
2018-04-23 23:26:12 - auth.py:15(auth:deco) - DEBUG - {'code': 200, 'msg': '认证成功，用户alex123已成功登陆'}
2018-04-23 23:29:12 - auth.py:15(auth:deco) - DEBUG - {'code': 200, 'msg': '认证成功，用户alex123已成功登陆'}
2018-04-23 23:34:04 - auth.py:15(auth:deco) - DEBUG - {'code': 200, 'msg': '认证成功，用户alex123已成功登陆'}
2018-04-23 23:34:44 - auth.py:15(auth:deco) - DEBUG - {'code': 200, 'msg': '认证成功，用户alex123已成功登陆'}
2018-04-23 23:34:58 - auth.py:15(auth:deco) - DEBUG - {'code': 200, 'msg': '认证成功，用户zhangsan已成功登陆'}
2018-04-23 23:35:01 - auth.py:15(auth:deco) - DEBUG - {'code': 200, 'msg': '认证成功，用户zhangsan已成功登陆'}
2018-04-23 23:35:04 - auth.py:15(auth:deco) - DEBUG - {'code': 200, 'msg': '认证成功，用户zhangsan已成功登陆'}
2018-04-23 23:35:17 - auth.py:15(auth:deco) - DEBUG - {'code': 200, 'msg': '认证成功，用户zhangsan已成功登陆'}
2018-04-23 23:35:23 - auth.py:15(auth:deco) - DEBUG - {'code': 200, 'msg': '认证成功，用户zhangsan已成功登陆'}
2018-04-23 23:35:27 - auth.py:15(auth:deco) - DEBUG - {'code': 200, 'msg': '认证成功，用户zhangsan已成功登陆'}
2018-04-23 23:35:45 - auth.py:15(auth:deco) - DEBUG - {'code': 200, 'msg': '认证成功，用户zhangsan已成功登陆'}
2018-04-23 23:35:51 - auth.py:15(auth:deco) - DEBUG - {'code': 200, 'msg': '认证成功，用户zhangsan已成功登陆'}
2018-04-23 23:36:03 - auth.py:15(auth:deco) - DEBUG - {'code': 200, 'msg': '认证成功，用户alex123已成功登陆'}
2018-04-23 23:36:32 - auth.py:15(auth:deco) - DEBUG - {'code': 200, 'msg': '认证成功，用户alex123已成功登陆'}
2018-04-23 23:36:43 - auth.py:15(auth:deco) - DEBUG - {'code': 200, 'msg': '认证成功，用户admin已成功登陆'}
2018-04-23 23:36:52 - auth.py:15(auth:deco) - DEBUG - {'code': 200, 'msg': '认证成功，用户admin已成功登陆'}
2018-04-23 23:37:21 - auth.py:15(auth:deco) - DEBUG - {'code': 200, 'msg': '认证成功，用户admin已成功登陆'}
2018-04-23 23:37:33 - auth.py:15(auth:deco) - DEBUG - {'code': 200, 'msg': '认证成功，用户admin已成功登陆'}
2018-04-23 23:37:36 - auth.py:15(auth:deco) - DEBUG - {'code': 200, 'msg': '认证成功，用户admin已成功登陆'}
2018-04-23 23:42:54 - auth.py:15(auth:deco) - DEBUG - {'code': 200, 'msg': '认证成功，用户admin已成功登陆'}
2018-04-23 23:42:58 - auth.py:15(auth:deco) - DEBUG - {'code': 200, 'msg': '认证成功，用户admin已成功登陆'}
2018-04-23 23:43:11 - auth.py:15(auth:deco) - DEBUG - {'code': 200, 'msg': '认证成功，用户admin已成功登陆'}
2018-04-23 23:43:36 - auth.py:15(auth:deco) - DEBUG - {'code': 200, 'msg': '认证成功，用户admin已成功登陆'}
2018-04-23 23:43:56 - auth.py:15(auth:deco) - DEBUG - {'code': 200, 'msg': '认证成功，用户admin已成功登陆'}
2018-04-23 23:44:49 - auth.py:15(auth:deco) - DEBUG - {'code': 200, 'msg': '认证成功，用户admin已成功登陆'}
2018-04-23 23:45:14 - auth.py:15(auth:deco) - DEBUG - {'code': 200, 'msg': '认证成功，用户admin已成功登陆'}
2018-04-23 23:45:53 - auth.py:15(auth:deco) - DEBUG - {'code': 200, 'msg': '认证成功，用户admin已成功登陆'}
2018-04-23 23:46:11 - auth.py:15(auth:deco) - DEBUG - {'code': 200, 'msg': '认证成功，用户admin已成功登陆'}
2018-04-23 23:49:51 - auth.py:15(auth:deco) - DEBUG - {'code': 200, 'msg': '认证成功，用户admin已成功登陆'}
2018-04-23 23:49:53 - auth.py:15(auth:deco) - DEBUG - {'code': 200, 'msg': '认证成功，用户admin已成功登陆'}
2018-04-23 23:50:02 - auth.py:15(auth:deco) - DEBUG - {'code': 200, 'msg': '认证成功，用户admin已成功登陆'}
2018-04-23 23:50:31 - auth.py:15(auth:deco) - DEBUG - {'code': 200, 'msg': '认证成功，用户admin已成功登陆'}
2018-04-23 23:50:46 - auth.py:15(auth:deco) - DEBUG - {'code': 200, 'msg': '认证成功，用户admin已成功登陆'}
