2018-04-22 18:10:36 - student_view.py:64(student_view:show_courses) - DEBUG - {'code': 200, 'msg': '用户lisi查询课程列表成功', 'data': ['课程编号：0  课程名：linux  学校：beijing  班级：1班  讲师：alex  学费：5000元   学习周期：365天', '课程编号：1  课程名：python  学校：beijing  班级：2班  讲师：jack  学费：6000元   学习周期：365天', '课程编号：2  课程名：go  学校：shanghai  班级：1班  讲师：lucy  学费：6000元   学习周期：365天']}
2018-04-22 18:11:00 - student_view.py:90(student_view:purchase_course) - DEBUG - {'code': 400, 'msg': '用户lisi购买课程失败，原因：结算失败，用户lisi的余额不足，当前余额为：0元'}
2018-04-22 18:13:49 - student_view.py:64(student_view:show_courses) - DEBUG - {'code': 200, 'msg': '用户lisi查询课程列表成功', 'data': ['课程编号：0  课程名：linux  学校：beijing  班级：1班  讲师：alex  学费：5000元   学习周期：365天', '课程编号：1  课程名：python  学校：beijing  班级：2班  讲师：jack  学费：6000元   学习周期：365天', '课程编号：2  课程名：go  学校：shanghai  班级：1班  讲师：lucy  学费：6000元   学习周期：365天']}
2018-04-22 18:14:53 - student_view.py:64(student_view:show_courses) - DEBUG - {'code': 200, 'msg': '用户lisi查询课程列表成功', 'data': ['课程编号：0  课程名：linux  学校：beijing  班级：1班  讲师：alex  学费：5000元   学习周期：365天', '课程编号：1  课程名：python  学校：beijing  班级：2班  讲师：jack  学费：6000元   学习周期：365天', '课程编号：2  课程名：go  学校：shanghai  班级：1班  讲师：lucy  学费：6000元   学习周期：365天']}
2018-04-22 18:14:59 - student_view.py:90(student_view:purchase_course) - DEBUG - {'code': 400, 'msg': '用户lisi购买课程失败，原因：结算失败，用户lisi的余额不足，当前余额为：0元'}
2018-04-22 18:39:36 - student_view.py:65(student_view:show_courses) - DEBUG - {'code': 200, 'msg': '用户zhangsan查询课程列表成功', 'data': ['课程编号：0  课程名：linux  学校：beijing  班级：1班  讲师：alex  学费：5000元   学习周期：365天', '课程编号：1  课程名：python  学校：beijing  班级：2班  讲师：jack  学费：6000元   学习周期：365天', '课程编号：2  课程名：go  学校：shanghai  班级：1班  讲师：lucy  学费：6000元   学习周期：365天']}
2018-04-22 18:40:47 - student_view.py:64(student_view:show_courses) - DEBUG - {'code': 200, 'msg': '用户zhangsan查询课程列表成功', 'data': ['课程编号：0  课程名：linux  学校：beijing  班级：1班  讲师：alex  学费：5000元   学习周期：365天', '课程编号：1  课程名：python  学校：beijing  班级：2班  讲师：jack  学费：6000元   学习周期：365天', '课程编号：2  课程名：go  学校：shanghai  班级：1班  讲师：lucy  学费：6000元   学习周期：365天']}
2018-04-22 18:41:01 - student_view.py:90(student_view:purchase_course) - DEBUG - {'code': 400, 'msg': '购买课程失败，原因：结算失败，用户zhangsan的余额不足，当前余额为：0元'}
2018-04-22 18:44:27 - student_view.py:64(student_view:show_courses) - DEBUG - {'code': 200, 'msg': '用户lisi查询课程列表成功', 'data': ['课程编号：0  课程名：linux  学校：beijing  班级：1班  讲师：alex  学费：5000元   学习周期：365天', '课程编号：1  课程名：python  学校：beijing  班级：2班  讲师：jack  学费：6000元   学习周期：365天', '课程编号：2  课程名：go  学校：shanghai  班级：1班  讲师：lucy  学费：6000元   学习周期：365天']}
2018-04-22 18:44:34 - student_view.py:90(student_view:purchase_course) - DEBUG - {'code': 400, 'msg': '购买课程失败，原因：结算失败，用户lisi的余额不足，当前余额为：0元'}
2018-04-22 18:53:38 - student_view.py:64(student_view:show_courses) - DEBUG - {'code': 200, 'msg': '用户zhangsan查询课程列表成功', 'data': ['课程编号：0  课程名：linux  学校：beijing  班级：1班  讲师：alex  学费：5000元   学习周期：365天', '课程编号：1  课程名：python  学校：beijing  班级：2班  讲师：jack  学费：6000元   学习周期：365天', '课程编号：2  课程名：go  学校：shanghai  班级：1班  讲师：lucy  学费：6000元   学习周期：365天']}
2018-04-22 18:53:55 - student_view.py:90(student_view:purchase_course) - DEBUG - {'code': 400, 'msg': '购买课程失败，原因：结算失败，用户zhangsan的余额不足，当前余额为：0元'}
2018-04-22 18:54:02 - student_view.py:107(student_view:user_recharge) - DEBUG - {'code': 200, 'msg': '充值成功，充值金额为2000元'}
2018-04-22 18:54:19 - student_view.py:107(student_view:user_recharge) - DEBUG - {'code': 200, 'msg': '充值成功，充值金额为20000元'}
2018-04-22 18:54:27 - student_view.py:87(student_view:purchase_course) - DEBUG - {'code': 200, 'msg': '购买课程1成功，花费6000元'}
2018-04-22 18:54:38 - student_view.py:122(student_view:show_history) - DEBUG - {'code': 200, 'msg': '查询消费/充值流水历史成功', 'data': [<core.orm.Flow object at 0x0000000002CD59B0>, <core.orm.Flow object at 0x0000000002CD5EF0>, <core.orm.Flow object at 0x0000000002CD5DD8>]}
2018-04-22 18:55:06 - student_view.py:140(student_view:show_personal_info) - DEBUG - {'code': 200, 'msg': '查询个人信息成功'}
2018-04-22 18:55:52 - student_view.py:87(student_view:purchase_course) - DEBUG - {'code': 200, 'msg': '购买课程2成功，花费6000元'}
2018-04-22 18:56:01 - student_view.py:122(student_view:show_history) - DEBUG - {'code': 200, 'msg': '查询消费/充值流水历史成功', 'data': [<core.orm.Flow object at 0x0000000002CD59B0>, <core.orm.Flow object at 0x0000000002CD5F98>, <core.orm.Flow object at 0x0000000002CD5C88>, <core.orm.Flow object at 0x0000000002CD5FD0>]}
2018-04-22 18:56:06 - student_view.py:140(student_view:show_personal_info) - DEBUG - {'code': 200, 'msg': '查询个人信息成功'}
2018-04-22 19:04:08 - student_view.py:124(student_view:show_history) - DEBUG - {'code': 200, 'msg': '查询消费/充值流水历史成功', 'data': [<core.orm.Flow object at 0x0000000002CA6FD0>, <core.orm.Flow object at 0x0000000002C8AB70>, <core.orm.Flow object at 0x0000000002CA6F98>, <core.orm.Flow object at 0x0000000002CAF240>]}
2018-04-22 19:04:15 - student_view.py:142(student_view:show_personal_info) - DEBUG - {'code': 200, 'msg': '查询个人信息成功'}
2018-04-22 19:04:24 - student_view.py:92(student_view:purchase_course) - DEBUG - {'code': 400, 'msg': '购买课程失败，原因：用户zhangsan已购买课程1，不能重复购买'}
2018-04-22 19:04:36 - student_view.py:142(student_view:show_personal_info) - DEBUG - {'code': 200, 'msg': '查询个人信息成功'}
2018-04-22 19:07:20 - student_view.py:64(student_view:show_courses) - DEBUG - {'code': 200, 'msg': '用户zhangsan查询课程列表成功', 'data': ['课程编号：0  课程名：linux  学校：beijing  班级：1班  讲师：alex  学费：5000元   学习周期：365天', '课程编号：1  课程名：python  学校：beijing  班级：2班  讲师：jack  学费：6000元   学习周期：365天', '课程编号：2  课程名：go  学校：shanghai  班级：1班  讲师：lucy  学费：6000元   学习周期：365天']}
2018-04-22 19:07:25 - student_view.py:142(student_view:show_personal_info) - DEBUG - {'code': 200, 'msg': '查询个人信息成功'}
2018-04-22 23:34:23 - student_view.py:65(student_view:show_courses) - DEBUG - {'code': 200, 'msg': '用户zhangsan查询课程列表成功', 'data': ['课程编号：1  课程名：linux  学校：beijing  班级：1班  讲师：alex  学费：5000元   学习周期：365天', '课程编号：1  课程名：linux  学校：beijing  班级：2班  讲师：alex  学费：5000元   学习周期：365天', '课程编号：1  课程名：python  学校：beijing  班级：1班  讲师：alex  学费：6000元   学习周期：365天', '课程编号：1  课程名：python  学校：beijing  班级：2班  讲师：alex  学费：6000元   学习周期：365天', '课程编号：2  课程名：go  学校：shanghai  班级：1班  讲师：alex  学费：6000元   学习周期：365天']}
2018-04-22 23:35:17 - student_view.py:64(student_view:show_courses) - DEBUG - {'code': 200, 'msg': '用户zhangsan查询课程列表成功', 'data': ['课程编号：1  课程名：linux  学校：beijing  班级：1班  讲师：alex  学费：5000元   学习周期：365天', '课程编号：1  课程名：linux  学校：beijing  班级：2班  讲师：alex  学费：5000元   学习周期：365天', '课程编号：1  课程名：python  学校：beijing  班级：1班  讲师：alex  学费：6000元   学习周期：365天', '课程编号：1  课程名：python  学校：beijing  班级：2班  讲师：alex  学费：6000元   学习周期：365天', '课程编号：2  课程名：go  学校：shanghai  班级：1班  讲师：alex  学费：6000元   学习周期：365天']}
2018-04-22 23:43:17 - student_view.py:64(student_view:show_courses) - DEBUG - {'code': 200, 'msg': '用户zhangsan查询课程列表成功', 'data': ['课程编号：0  课程名：linux  学校：beijing  班级：1班  讲师：alex  学费：5000元   学习周期：365天', '课程编号：1  课程名：python  学校：beijing  班级：2班  讲师：alex  学费：6000元   学习周期：365天', '课程编号：2  课程名：go  学校：shanghai  班级：1班  讲师：alex  学费：6000元   学习周期：365天']}
2018-04-23 23:09:49 - student_view.py:147(student_view:show_personal_info) - DEBUG - {'code': 200, 'msg': '查询个人信息成功'}
2018-04-23 23:10:07 - student_view.py:133(student_view:show_history) - DEBUG - {'code': 400, 'msg': '查询消费/充值流水历史失败，原因：加载用户zhangsan的消费流水数据失败，无流水数据'}
2018-04-23 23:10:17 - student_view.py:64(student_view:show_courses) - DEBUG - {'code': 200, 'msg': '用户zhangsan查询课程列表成功', 'data': ['课程编号：0  课程名：linux  学校：beijing  班级：1班  讲师：alex  学费：5000元   学习周期：365天', '课程编号：1  课程名：python  学校：beijing  班级：2班  讲师：jack  学费：6000元   学习周期：365天', '课程编号：2  课程名：go  学校：shanghai  班级：1班  讲师：lucy  学费：6000元   学习周期：365天']}
2018-04-23 23:10:34 - student_view.py:97(student_view:purchase_course) - DEBUG - {'code': 400, 'msg': '购买课程失败，原因：输入的课程编号7不存在，请核实后再试'}
2018-04-23 23:10:41 - student_view.py:97(student_view:purchase_course) - DEBUG - {'code': 400, 'msg': '购买课程失败，原因：结算失败，用户zhangsan的余额不足，当前余额为：0元'}
2018-04-23 23:11:02 - student_view.py:117(student_view:user_recharge) - DEBUG - {'code': 400, 'msg': '充值失败，原因：输入的充值金额必须大于0'}
2018-04-23 23:11:11 - student_view.py:114(student_view:user_recharge) - DEBUG - {'code': 200, 'msg': '充值成功，充值金额为20000元'}
2018-04-23 23:11:18 - student_view.py:147(student_view:show_personal_info) - DEBUG - {'code': 200, 'msg': '查询个人信息成功'}
2018-04-23 23:11:23 - student_view.py:129(student_view:show_history) - DEBUG - {'code': 200, 'msg': '查询消费/充值流水历史成功', 'data': [<core.orm.Flow object at 0x0000000002C84978>]}
2018-04-23 23:11:48 - student_view.py:94(student_view:purchase_course) - DEBUG - {'code': 200, 'msg': '购买课程1成功，花费6000元'}
2018-04-23 23:11:56 - student_view.py:147(student_view:show_personal_info) - DEBUG - {'code': 200, 'msg': '查询个人信息成功'}
2018-04-23 23:12:09 - student_view.py:97(student_view:purchase_course) - DEBUG - {'code': 400, 'msg': '购买课程失败，原因：用户zhangsan已购买课程1，不能重复购买'}
2018-04-23 23:12:18 - student_view.py:147(student_view:show_personal_info) - DEBUG - {'code': 200, 'msg': '查询个人信息成功'}
2018-04-23 23:12:34 - student_view.py:94(student_view:purchase_course) - DEBUG - {'code': 200, 'msg': '购买课程0成功，花费5000元'}
2018-04-23 23:12:37 - student_view.py:147(student_view:show_personal_info) - DEBUG - {'code': 200, 'msg': '查询个人信息成功'}
2018-04-23 23:12:42 - student_view.py:129(student_view:show_history) - DEBUG - {'code': 200, 'msg': '查询消费/充值流水历史成功', 'data': [<core.orm.Flow object at 0x0000000002C84898>, <core.orm.Flow object at 0x0000000002C84978>, <core.orm.Flow object at 0x0000000002C9CF60>]}
2018-04-23 23:35:01 - student_view.py:64(student_view:show_courses) - DEBUG - {'code': 200, 'msg': '用户zhangsan查询课程列表成功', 'data': ['课程编号：0  课程名：linux  学校：beijing  班级：1班  讲师：alex  学费：5000元   学习周期：365天', '课程编号：1  课程名：python  学校：beijing  班级：2班  讲师：jack  学费：6000元   学习周期：365天', '课程编号：2  课程名：go  学校：shanghai  班级：1班  讲师：lucy  学费：6000元   学习周期：365天']}
2018-04-23 23:35:11 - student_view.py:97(student_view:purchase_course) - DEBUG - {'code': 400, 'msg': '购买课程失败，原因：结算失败，用户zhangsan的余额不足，当前余额为：0元'}
2018-04-23 23:35:21 - student_view.py:114(student_view:user_recharge) - DEBUG - {'code': 200, 'msg': '充值成功，充值金额为20000元'}
2018-04-23 23:35:24 - student_view.py:94(student_view:purchase_course) - DEBUG - {'code': 200, 'msg': '购买课程0成功，花费5000元'}
2018-04-23 23:35:27 - student_view.py:147(student_view:show_personal_info) - DEBUG - {'code': 200, 'msg': '查询个人信息成功'}
2018-04-23 23:35:45 - student_view.py:147(student_view:show_personal_info) - DEBUG - {'code': 200, 'msg': '查询个人信息成功'}
