2018-04-22 18:10:20 - base_view.py:41(base_view:login) - DEBUG - {'code': 200, 'msg': '学员lisi成功登录，欢迎您使用本系统'}
2018-04-22 18:13:45 - base_view.py:41(base_view:login) - DEBUG - {'code': 200, 'msg': '学员lisi成功登录，欢迎您使用本系统'}
2018-04-22 18:14:51 - base_view.py:41(base_view:login) - DEBUG - {'code': 200, 'msg': '学员lisi成功登录，欢迎您使用本系统'}
2018-04-22 18:32:45 - base_view.py:41(base_view:login) - DEBUG - {'code': 200, 'msg': '学员zhangsan成功登录，欢迎您使用本系统'}
2018-04-22 18:36:11 - base_view.py:41(base_view:login) - DEBUG - {'code': 200, 'msg': '学员zhangsan成功登录，欢迎您使用本系统'}
2018-04-22 18:39:34 - base_view.py:41(base_view:login) - DEBUG - {'code': 200, 'msg': '学员zhangsan成功登录，欢迎您使用本系统'}
2018-04-22 18:40:42 - base_view.py:41(base_view:login) - DEBUG - {'code': 200, 'msg': '学员zhangsan成功登录，欢迎您使用本系统'}
2018-04-22 18:44:25 - base_view.py:41(base_view:login) - DEBUG - {'code': 200, 'msg': '学员lisi成功登录，欢迎您使用本系统'}
2018-04-22 18:53:32 - base_view.py:41(base_view:login) - DEBUG - {'code': 200, 'msg': '学员zhangsan成功登录，欢迎您使用本系统'}
2018-04-22 18:56:33 - base_view.py:52(base_view:logout) - DEBUG - {'code': 200, 'msg': '用户zhangsan成功登出系统，欢迎再次光临'}
2018-04-22 19:04:02 - base_view.py:41(base_view:login) - DEBUG - {'code': 200, 'msg': '学员zhangsan成功登录，欢迎您使用本系统'}
2018-04-22 19:04:46 - base_view.py:52(base_view:logout) - DEBUG - {'code': 200, 'msg': '成功登出系统，欢迎再次光临'}
2018-04-22 19:07:16 - base_view.py:41(base_view:login) - DEBUG - {'code': 200, 'msg': '学员zhangsan成功登录，欢迎您使用本系统'}
2018-04-22 19:07:27 - base_view.py:52(base_view:logout) - DEBUG - {'code': 200, 'msg': '成功登出系统，欢迎再次光临'}
2018-04-22 19:08:09 - base_view.py:41(base_view:login) - DEBUG - {'code': 200, 'msg': '讲师alex123成功登录，欢迎您使用本系统'}
2018-04-22 19:12:13 - base_view.py:41(base_view:login) - DEBUG - {'code': 200, 'msg': '讲师alex123成功登录，欢迎您使用本系统'}
2018-04-22 19:12:58 - base_view.py:52(base_view:logout) - DEBUG - {'code': 200, 'msg': '成功登出系统，欢迎再次光临'}
2018-04-22 19:13:13 - base_view.py:41(base_view:login) - DEBUG - {'code': 200, 'msg': '讲师jack123成功登录，欢迎您使用本系统'}
2018-04-22 19:23:13 - base_view.py:41(base_view:login) - DEBUG - {'code': 200, 'msg': '管理员admin成功登录，欢迎您使用本系统'}
2018-04-22 19:36:11 - base_view.py:41(base_view:login) - DEBUG - {'code': 200, 'msg': '管理员admin成功登录，欢迎您使用本系统'}
2018-04-22 19:37:56 - base_view.py:41(base_view:login) - DEBUG - {'code': 200, 'msg': '管理员admin成功登录，欢迎您使用本系统'}
2018-04-22 19:39:28 - base_view.py:41(base_view:login) - DEBUG - {'code': 200, 'msg': '管理员admin成功登录，欢迎您使用本系统'}
2018-04-22 19:42:00 - base_view.py:41(base_view:login) - DEBUG - {'code': 200, 'msg': '管理员admin成功登录，欢迎您使用本系统'}
2018-04-22 19:49:10 - base_view.py:41(base_view:login) - DEBUG - {'code': 200, 'msg': '管理员admin成功登录，欢迎您使用本系统'}
2018-04-22 20:52:49 - base_view.py:41(base_view:login) - DEBUG - {'code': 200, 'msg': '管理员admin成功登录，欢迎您使用本系统'}
2018-04-22 20:54:01 - base_view.py:41(base_view:login) - DEBUG - {'code': 200, 'msg': '管理员admin成功登录，欢迎您使用本系统'}
2018-04-22 21:03:08 - base_view.py:41(base_view:login) - DEBUG - {'code': 200, 'msg': '管理员admin成功登录，欢迎您使用本系统'}
2018-04-22 21:04:22 - base_view.py:41(base_view:login) - DEBUG - {'code': 200, 'msg': '管理员admin成功登录，欢迎您使用本系统'}
2018-04-22 21:06:05 - base_view.py:41(base_view:login) - DEBUG - {'code': 200, 'msg': '管理员admin成功登录，欢迎您使用本系统'}
2018-04-22 23:25:11 - base_view.py:41(base_view:login) - DEBUG - {'code': 200, 'msg': '学员zhangsan成功登录，欢迎您使用本系统'}
2018-04-22 23:28:09 - base_view.py:41(base_view:login) - DEBUG - {'code': 200, 'msg': '学员zhangsan成功登录，欢迎您使用本系统'}
2018-04-22 23:34:22 - base_view.py:41(base_view:login) - DEBUG - {'code': 200, 'msg': '学员zhangsan成功登录，欢迎您使用本系统'}
2018-04-22 23:35:16 - base_view.py:41(base_view:login) - DEBUG - {'code': 200, 'msg': '学员zhangsan成功登录，欢迎您使用本系统'}
2018-04-22 23:38:04 - base_view.py:52(base_view:logout) - DEBUG - {'code': 200, 'msg': '成功登出系统，欢迎再次光临'}
2018-04-22 23:38:13 - base_view.py:41(base_view:login) - DEBUG - {'code': 200, 'msg': '管理员admin成功登录，欢迎您使用本系统'}
2018-04-22 23:43:14 - base_view.py:41(base_view:login) - DEBUG - {'code': 200, 'msg': '学员zhangsan成功登录，欢迎您使用本系统'}
2018-04-22 23:45:34 - base_view.py:41(base_view:login) - DEBUG - {'code': 200, 'msg': '管理员admin成功登录，欢迎您使用本系统'}
2018-04-22 23:48:33 - base_view.py:41(base_view:login) - DEBUG - {'code': 200, 'msg': '管理员admin成功登录，欢迎您使用本系统'}
2018-04-23 00:09:53 - base_view.py:41(base_view:login) - DEBUG - {'code': 200, 'msg': '管理员admin成功登录，欢迎您使用本系统'}
2018-04-23 00:13:10 - base_view.py:41(base_view:login) - DEBUG - {'code': 200, 'msg': '管理员admin成功登录，欢迎您使用本系统'}
2018-04-23 00:20:43 - base_view.py:41(base_view:login) - DEBUG - {'code': 200, 'msg': '管理员admin成功登录，欢迎您使用本系统'}
2018-04-23 00:25:06 - base_view.py:52(base_view:logout) - DEBUG - {'code': 200, 'msg': '成功登出系统，欢迎再次光临'}
2018-04-23 00:26:13 - base_view.py:41(base_view:login) - DEBUG - {'code': 200, 'msg': '讲师alex成功登录，欢迎您使用本系统'}
2018-04-23 00:36:13 - base_view.py:41(base_view:login) - DEBUG - {'code': 200, 'msg': '管理员admin成功登录，欢迎您使用本系统'}
2018-04-23 00:37:58 - base_view.py:41(base_view:login) - DEBUG - {'code': 200, 'msg': '管理员admin成功登录，欢迎您使用本系统'}
2018-04-23 23:08:33 - base_view.py:41(base_view:login) - DEBUG - {'code': 200, 'msg': '学员zhangsan成功登录，欢迎您使用本系统'}
2018-04-23 23:13:02 - base_view.py:52(base_view:logout) - DEBUG - {'code': 200, 'msg': '成功登出系统，欢迎再次光临'}
2018-04-23 23:14:06 - base_view.py:41(base_view:login) - DEBUG - {'code': 200, 'msg': '讲师alex成功登录，欢迎您使用本系统'}
2018-04-23 23:26:12 - base_view.py:41(base_view:login) - DEBUG - {'code': 200, 'msg': '讲师alex123成功登录，欢迎您使用本系统'}
2018-04-23 23:29:12 - base_view.py:41(base_view:login) - DEBUG - {'code': 200, 'msg': '讲师alex123成功登录，欢迎您使用本系统'}
2018-04-23 23:34:04 - base_view.py:41(base_view:login) - DEBUG - {'code': 200, 'msg': '讲师alex123成功登录，欢迎您使用本系统'}
2018-04-23 23:34:44 - base_view.py:52(base_view:logout) - DEBUG - {'code': 200, 'msg': '成功登出系统，欢迎再次光临'}
2018-04-23 23:34:58 - base_view.py:41(base_view:login) - DEBUG - {'code': 200, 'msg': '学员zhangsan成功登录，欢迎您使用本系统'}
2018-04-23 23:35:51 - base_view.py:52(base_view:logout) - DEBUG - {'code': 200, 'msg': '成功登出系统，欢迎再次光临'}
2018-04-23 23:36:03 - base_view.py:41(base_view:login) - DEBUG - {'code': 200, 'msg': '讲师alex123成功登录，欢迎您使用本系统'}
2018-04-23 23:36:32 - base_view.py:52(base_view:logout) - DEBUG - {'code': 200, 'msg': '成功登出系统，欢迎再次光临'}
2018-04-23 23:36:43 - base_view.py:41(base_view:login) - DEBUG - {'code': 200, 'msg': '管理员admin成功登录，欢迎您使用本系统'}
2018-04-23 23:42:54 - base_view.py:41(base_view:login) - DEBUG - {'code': 200, 'msg': '管理员admin成功登录，欢迎您使用本系统'}
2018-04-23 23:49:51 - base_view.py:41(base_view:login) - DEBUG - {'code': 200, 'msg': '管理员admin成功登录，欢迎您使用本系统'}
2018-04-23 23:50:46 - base_view.py:52(base_view:logout) - DEBUG - {'code': 200, 'msg': '成功登出系统，欢迎再次光临'}
