2018-05-14 23:04:10 - command_handler.py:165(command_handler:cmd_ls) - DEBUG - {'code': 200, 'msg': 'ls命令执行成功', 'data': ([], [])}
2018-05-14 23:09:46 - command_handler.py:27(command_handler:run) - DEBUG - {'code': 400, 'msg': 'put命令执行失败，语法有误'}
2018-05-14 23:30:00 - command_handler.py:209(command_handler:cmd_put) - DEBUG - {'code': 200, 'msg': '上传文件成功'}
2018-05-14 23:50:53 - command_handler.py:165(command_handler:cmd_ls) - DEBUG - {'code': 200, 'msg': 'ls命令执行成功', 'data': ([], ['VMware-workstation-full-14.1.1.28517.exe'])}
2018-05-14 23:52:48 - command_handler.py:165(command_handler:cmd_ls) - DEBUG - {'code': 200, 'msg': 'ls命令执行成功', 'data': ([], ['VMware-workstation-full-14.1.1.28517.exe'])}
2018-05-14 23:53:47 - command_handler.py:240(command_handler:cmd_get) - DEBUG - {'code': 200, 'msg': '下载文件成功', 'data': {'file_path': 'E:\\my_it_skill_stlas\\14、练习的项目\\10_高级ftp系统\\senior_ftp\\ftp_server\\db\\Storage\\zhangsan\\VMware-workstation-full-14.1.1.28517.exe', 'file_md5': '40356030561a11c5387e32e239f74cab', 'file_size': 487805144, 'seek_size': 0}}
2018-05-14 23:56:00 - command_handler.py:165(command_handler:cmd_ls) - DEBUG - {'code': 200, 'msg': 'ls命令执行成功', 'data': ([], ['VMware-workstation-full-14.1.1.28517.exe'])}
2018-05-14 23:56:46 - command_handler.py:240(command_handler:cmd_get) - DEBUG - {'code': 200, 'msg': '下载文件成功', 'data': {'file_path': 'E:\\my_it_skill_stlas\\14、练习的项目\\10_高级ftp系统\\senior_ftp\\ftp_server\\db\\Storage\\zhangsan\\VMware-workstation-full-14.1.1.28517.exe', 'file_md5': '40356030561a11c5387e32e239f74cab', 'file_size': 487805144, 'seek_size': 0}}
2018-05-15 00:00:32 - command_handler.py:165(command_handler:cmd_ls) - DEBUG - {'code': 200, 'msg': 'ls命令执行成功', 'data': ([], ['VMware-workstation-full-14.1.1.28517.exe'])}
2018-05-15 00:01:13 - command_handler.py:240(command_handler:cmd_get) - DEBUG - {'code': 200, 'msg': '下载文件成功', 'data': {'file_path': 'E:\\my_it_skill_stlas\\14、练习的项目\\10_高级ftp系统\\senior_ftp\\ftp_server\\db\\Storage\\zhangsan\\VMware-workstation-full-14.1.1.28517.exe', 'file_md5': '40356030561a11c5387e32e239f74cab', 'file_size': 487805144, 'seek_size': 0}}
2018-05-15 00:02:55 - command_handler.py:165(command_handler:cmd_ls) - DEBUG - {'code': 200, 'msg': 'ls命令执行成功', 'data': ([], ['VMware-workstation-full-14.1.1.28517.exe'])}
2018-05-15 00:03:36 - command_handler.py:165(command_handler:cmd_ls) - DEBUG - {'code': 200, 'msg': 'ls命令执行成功', 'data': ([], ['VMware-workstation-full-14.1.1.28517.exe'])}
2018-05-15 00:03:58 - command_handler.py:165(command_handler:cmd_ls) - DEBUG - {'code': 200, 'msg': 'ls命令执行成功', 'data': ([], ['VMware-workstation-full-14.1.1.28517.exe'])}
2018-05-15 00:04:33 - command_handler.py:240(command_handler:cmd_get) - DEBUG - {'code': 200, 'msg': '下载文件成功', 'data': {'file_path': 'E:\\my_it_skill_stlas\\14、练习的项目\\10_高级ftp系统\\senior_ftp\\ftp_server\\db\\Storage\\zhangsan\\VMware-workstation-full-14.1.1.28517.exe', 'file_md5': '40356030561a11c5387e32e239f74cab', 'file_size': 487805144, 'seek_size': 0}}
2018-05-15 00:18:57 - command_handler.py:240(command_handler:cmd_get) - DEBUG - {'code': 200, 'msg': '下载文件成功', 'data': {'file_path': 'E:\\my_it_skill_stlas\\14、练习的项目\\10_高级ftp系统\\senior_ftp\\ftp_server\\db\\Storage\\zhangsan\\VMware-workstation-full-14.1.1.28517.exe', 'file_md5': '40356030561a11c5387e32e239f74cab', 'file_size': 487805144, 'seek_size': 0}}
2018-05-15 01:01:54 - command_handler.py:165(command_handler:cmd_ls) - DEBUG - {'code': 200, 'msg': 'ls命令执行成功', 'data': ([], ['VMware-workstation-full-14.1.1.28517.exe'])}
2018-05-15 01:02:06 - command_handler.py:165(command_handler:cmd_ls) - DEBUG - {'code': 200, 'msg': 'ls命令执行成功', 'data': ([], ['VMware-workstation-full-14.1.1.28517.exe'])}
2018-05-15 01:02:38 - command_handler.py:240(command_handler:cmd_get) - DEBUG - {'code': 200, 'msg': '下载文件成功', 'data': {'file_path': 'E:\\my_it_skill_stlas\\14、练习的项目\\10_高级ftp系统\\senior_ftp\\ftp_server\\db\\Storage\\zhangsan\\VMware-workstation-full-14.1.1.28517.exe', 'file_md5': '40356030561a11c5387e32e239f74cab', 'file_size': 487805144, 'seek_size': 0}}
2018-05-15 01:03:42 - command_handler.py:300(command_handler:cmd_help) - DEBUG - {'code': 200, 'msg': 'help命令执行成功', 'data': '\n        功能描述：下载文件,文件必须在用户当前路径下存在\n        使用语法：get ${file_name} ${download_directory}: 下载文件（全新下载）；\n                 get ${temp_file_path}: 下载文件（断点续传下载）, ${temp_file_path}是被中止下载的文件的缓存文件路径\n        返回值：命令执行结果\n        '}
2018-05-15 01:07:13 - command_handler.py:165(command_handler:cmd_ls) - DEBUG - {'code': 200, 'msg': 'ls命令执行成功', 'data': ([], ['VMware-workstation-full-14.1.1.28517.exe'])}
2018-05-15 01:13:33 - command_handler.py:240(command_handler:cmd_get) - DEBUG - {'code': 200, 'msg': '下载文件成功', 'data': {'file_path': 'E:\\my_it_skill_stlas\\14、练习的项目\\10_高级ftp系统\\senior_ftp\\ftp_server\\db\\Storage\\zhangsan\\VMware-workstation-full-14.1.1.28517.exe', 'file_md5': '40356030561a11c5387e32e239f74cab', 'file_size': 487805144, 'seek_size': 70453248}}
2018-05-15 01:18:16 - command_handler.py:240(command_handler:cmd_get) - DEBUG - {'code': 200, 'msg': '下载文件成功', 'data': {'file_path': 'E:\\my_it_skill_stlas\\14、练习的项目\\10_高级ftp系统\\senior_ftp\\ftp_server\\db\\Storage\\zhangsan\\VMware-workstation-full-14.1.1.28517.exe', 'file_md5': '40356030561a11c5387e32e239f74cab', 'file_size': 487805144, 'seek_size': 70453248}}
2018-05-15 01:26:05 - command_handler.py:240(command_handler:cmd_get) - DEBUG - {'code': 200, 'msg': '下载文件成功', 'data': {'file_path': 'E:\\my_it_skill_stlas\\14、练习的项目\\10_高级ftp系统\\senior_ftp\\ftp_server\\db\\Storage\\zhangsan\\VMware-workstation-full-14.1.1.28517.exe', 'file_md5': '40356030561a11c5387e32e239f74cab', 'file_size': 487805144, 'seek_size': 70453248}}
