2018-05-10 10:10:42 - user_handler.py:34(user_handler:register) - DEBUG - {'code': 200, 'msg': '创建用户成功', 'data': {'username': 'zhangsan', 'password': '123456', 'quota': 50}}
2018-05-10 10:11:03 - user_handler.py:34(user_handler:register) - DEBUG - {'code': 200, 'msg': '创建用户成功', 'data': {'username': 'lisi', 'password': '123456', 'quota': 50}}
2018-05-10 13:55:33 - user_handler.py:34(user_handler:register) - DEBUG - {'code': 200, 'msg': '创建用户成功', 'data': {'username': 'wangwu', 'password': '123456', 'quota': 50}}
2018-05-10 13:57:40 - user_handler.py:34(user_handler:register) - DEBUG - {'code': 200, 'msg': '创建用户成功', 'data': {'username': 'alex', 'password': '123456', 'quota': 50}}
2018-05-10 14:01:25 - user_handler.py:53(user_handler:login) - DEBUG - {'code': 200, 'msg': '用户zhangsan登录成功, 欢迎您使用本系统'}
2018-05-10 14:03:53 - user_handler.py:53(user_handler:login) - DEBUG - {'code': 200, 'msg': '用户zhangsan登录成功, 欢迎您使用本系统'}
2018-05-10 14:07:06 - user_handler.py:53(user_handler:login) - DEBUG - {'code': 200, 'msg': '用户zhangsan登录成功, 欢迎您使用本系统'}
2018-05-10 14:08:51 - user_handler.py:53(user_handler:login) - DEBUG - {'code': 200, 'msg': '用户zhangsan登录成功, 欢迎您使用本系统'}
2018-05-10 14:10:00 - user_handler.py:53(user_handler:login) - DEBUG - {'code': 200, 'msg': '用户zhangsan登录成功, 欢迎您使用本系统'}
2018-05-10 14:10:57 - user_handler.py:53(user_handler:login) - DEBUG - {'code': 200, 'msg': '用户zhangsan登录成功, 欢迎您使用本系统'}
2018-05-10 14:12:28 - user_handler.py:53(user_handler:login) - DEBUG - {'code': 200, 'msg': '用户zhangsan登录成功, 欢迎您使用本系统'}
2018-05-10 14:15:27 - user_handler.py:53(user_handler:login) - DEBUG - {'code': 200, 'msg': '用户zhangsan登录成功, 欢迎您使用本系统'}
2018-05-10 14:16:39 - user_handler.py:53(user_handler:login) - DEBUG - {'code': 200, 'msg': '用户zhangsan登录成功, 欢迎您使用本系统'}
2018-05-10 14:17:47 - user_handler.py:53(user_handler:login) - DEBUG - {'code': 200, 'msg': '用户zhangsan登录成功, 欢迎您使用本系统'}
2018-05-10 14:18:22 - user_handler.py:53(user_handler:login) - DEBUG - {'code': 200, 'msg': '用户zhangsan登录成功, 欢迎您使用本系统'}
2018-05-10 14:18:58 - user_handler.py:53(user_handler:login) - DEBUG - {'code': 200, 'msg': '用户zhangsan登录成功, 欢迎您使用本系统'}
2018-05-10 14:22:53 - user_handler.py:53(user_handler:login) - DEBUG - {'code': 200, 'msg': '用户zhangsan登录成功, 欢迎您使用本系统'}
2018-05-10 14:24:35 - user_handler.py:53(user_handler:login) - DEBUG - {'code': 200, 'msg': "用户zhangsan登录成功, 欢迎您使用本系统, 使用'help'命令了解更多系统操作命令"}
2018-05-10 14:29:55 - user_handler.py:53(user_handler:login) - DEBUG - {'code': 200, 'msg': "用户zhangsan登录成功, 欢迎您使用本系统, 使用'help'命令了解更多系统操作命令"}
2018-05-10 14:30:22 - user_handler.py:53(user_handler:login) - DEBUG - {'code': 200, 'msg': "用户zhangsan登录成功, 欢迎您使用本系统, 使用'help'命令了解更多系统操作命令"}
2018-05-10 14:31:16 - user_handler.py:53(user_handler:login) - DEBUG - {'code': 200, 'msg': "用户zhangsan登录成功, 欢迎您使用本系统, 使用'help'命令了解更多系统操作命令"}
2018-05-10 14:35:44 - user_handler.py:53(user_handler:login) - DEBUG - {'code': 200, 'msg': "用户zhangsan登录成功, 欢迎您使用本系统, 使用'help'命令了解更多系统操作命令"}
2018-05-10 21:59:08 - user_handler.py:34(user_handler:register) - DEBUG - {'code': 400, 'msg': '创建用户失败，详情：两次设置密码不一致'}
2018-05-10 21:59:28 - user_handler.py:53(user_handler:login) - DEBUG - {'code': 200, 'msg': "用户zhangsan登录成功, 欢迎您使用本系统, 使用'help'命令了解更多系统操作命令"}
2018-05-10 22:02:16 - user_handler.py:53(user_handler:login) - DEBUG - {'code': 200, 'msg': "用户zhangsan登录成功, 欢迎您使用本系统, 使用'help'命令了解更多系统操作命令"}
2018-05-10 22:04:15 - user_handler.py:53(user_handler:login) - DEBUG - {'code': 200, 'msg': "用户zhangsan登录成功, 欢迎您使用本系统, 使用'help'命令了解更多系统操作命令"}
2018-05-10 22:16:01 - user_handler.py:53(user_handler:login) - DEBUG - {'code': 200, 'msg': "用户zhangsan登录成功, 欢迎您使用本系统, 使用'help'命令了解更多系统操作命令"}
2018-05-10 22:19:10 - user_handler.py:53(user_handler:login) - DEBUG - {'code': 200, 'msg': "用户zhangsan登录成功, 欢迎您使用本系统, 使用'help'命令了解更多系统操作命令"}
2018-05-10 22:23:15 - user_handler.py:53(user_handler:login) - DEBUG - {'code': 200, 'msg': "用户zhangsan登录成功, 欢迎您使用本系统, 使用'help'命令了解更多系统操作命令"}
2018-05-10 22:41:20 - user_handler.py:53(user_handler:login) - DEBUG - {'code': 200, 'msg': "用户zhangsan登录成功, 欢迎您使用本系统, 使用'help'命令了解更多系统操作命令"}
2018-05-10 22:44:59 - user_handler.py:53(user_handler:login) - DEBUG - {'code': 200, 'msg': "用户zhangsan登录成功, 欢迎您使用本系统, 使用'help'命令了解更多系统操作命令"}
2018-05-10 22:46:46 - user_handler.py:53(user_handler:login) - DEBUG - {'code': 200, 'msg': "用户zhangsan登录成功, 欢迎您使用本系统, 使用'help'命令了解更多系统操作命令"}
2018-05-10 22:52:00 - user_handler.py:53(user_handler:login) - DEBUG - {'code': 200, 'msg': "用户zhangsan登录成功, 欢迎您使用本系统, 使用'help'命令了解更多系统操作命令"}
2018-05-10 22:59:34 - user_handler.py:53(user_handler:login) - DEBUG - {'code': 200, 'msg': "用户zhangsan登录成功, 欢迎您使用本系统, 使用'help'命令了解更多系统操作命令"}
2018-05-10 23:21:03 - user_handler.py:53(user_handler:login) - DEBUG - {'code': 200, 'msg': "用户zhangsan登录成功, 欢迎您使用本系统, 使用'help'命令了解更多系统操作命令"}
2018-05-10 23:29:39 - user_handler.py:53(user_handler:login) - DEBUG - {'code': 200, 'msg': "用户zhangsan登录成功, 欢迎您使用本系统, 使用'help'命令了解更多系统操作命令"}
2018-05-11 00:09:02 - user_handler.py:53(user_handler:login) - DEBUG - {'code': 200, 'msg': "用户zhangsan登录成功, 欢迎您使用本系统, 使用'help'命令了解更多系统操作命令"}
2018-05-11 00:15:44 - user_handler.py:53(user_handler:login) - DEBUG - {'code': 200, 'msg': "用户zhangsan登录成功, 欢迎您使用本系统, 使用'help'命令了解更多系统操作命令"}
2018-05-11 00:18:13 - user_handler.py:53(user_handler:login) - DEBUG - {'code': 200, 'msg': "用户zhangsan登录成功, 欢迎您使用本系统, 使用'help'命令了解更多系统操作命令"}
2018-05-11 00:22:15 - user_handler.py:53(user_handler:login) - DEBUG - {'code': 200, 'msg': "用户zhangsan登录成功, 欢迎您使用本系统, 使用'help'命令了解更多系统操作命令"}
2018-05-11 00:24:25 - user_handler.py:53(user_handler:login) - DEBUG - {'code': 200, 'msg': "用户zhangsan登录成功, 欢迎您使用本系统, 使用'help'命令了解更多系统操作命令"}
