2018-04-06 01:01:30 - accounts.py:51(accounts:load_account) - DEBUG - {'code': 200, 'msg': '账户admin的数据加载成功', 'data': {'name': 'admin', 'password': 'admin', 'balance': 15000, 'locked': False, 'is_administrator': True}}
2018-04-06 01:03:32 - accounts.py:51(accounts:load_account) - DEBUG - {'code': 200, 'msg': '账户admin的数据加载成功', 'data': {'name': 'admin', 'password': 'admin', 'balance': 15000, 'locked': False, 'is_administrator': True}}
2018-04-06 01:04:54 - accounts.py:51(accounts:load_account) - DEBUG - {'code': 200, 'msg': '账户admin的数据加载成功', 'data': {'name': 'admin', 'password': 'admin', 'balance': 15000, 'locked': False, 'is_administrator': True}}
2018-04-06 01:06:47 - accounts.py:51(accounts:load_account) - DEBUG - {'code': 200, 'msg': '账户admin的数据加载成功', 'data': {'name': 'admin', 'password': 'admin', 'balance': 15000, 'locked': False, 'is_administrator': True}}
2018-04-06 01:07:19 - accounts.py:69(accounts:save_account) - DEBUG - {'code': 200, 'msg': '账户lisi信息保存成功'}
2018-04-06 01:07:19 - accounts.py:29(accounts:create_account) - DEBUG - {'code': 200, 'msg': '账户lisi信息保存成功'}
2018-04-06 01:09:20 - accounts.py:51(accounts:load_account) - DEBUG - {'code': 200, 'msg': '账户lisi的数据加载成功', 'data': {'name': 'lisi', 'password': '123456', 'balance': 15000, 'locked': False, 'is_administrator': False}}
2018-04-06 01:09:43 - accounts.py:51(accounts:load_account) - DEBUG - {'code': 200, 'msg': '账户lisi的数据加载成功', 'data': {'name': 'lisi', 'password': '123456', 'balance': 15000, 'locked': False, 'is_administrator': False}}
2018-04-06 01:09:54 - accounts.py:51(accounts:load_account) - DEBUG - {'code': 200, 'msg': '账户lisi的数据加载成功', 'data': {'name': 'lisi', 'password': '123456', 'balance': 15000, 'locked': False, 'is_administrator': False}}
2018-04-06 01:09:54 - accounts.py:69(accounts:save_account) - DEBUG - {'code': 200, 'msg': '账户lisi信息保存成功'}
2018-04-06 01:09:54 - accounts.py:119(accounts:settle_account) - DEBUG - {'code': 200, 'msg': '结算成功，用户lisi当前信用余额为：20000.0元'}
2018-04-06 01:09:54 - accounts.py:195(accounts:account_flow) - DEBUG - {'code': 200, 'msg': "账户流水入库成功，流水详情：{'datetime': '2018-04-06 01:09:54', 'account_name': 'lisi', 'action': '还款/存款', 'details': '结算成功，用户lisi当前信用余额为：20000.0元'}"}
2018-04-06 01:10:13 - accounts.py:51(accounts:load_account) - DEBUG - {'code': 200, 'msg': '账户lisi的数据加载成功', 'data': {'name': 'lisi', 'password': '123456', 'balance': 20000.0, 'locked': False, 'is_administrator': False}}
2018-04-06 01:10:13 - accounts.py:69(accounts:save_account) - DEBUG - {'code': 200, 'msg': '账户lisi信息保存成功'}
2018-04-06 01:10:13 - accounts.py:119(accounts:settle_account) - DEBUG - {'code': 200, 'msg': '结算成功，用户lisi当前余额为：16850.0元'}
2018-04-06 01:10:13 - accounts.py:195(accounts:account_flow) - DEBUG - {'code': 200, 'msg': "账户流水入库成功，流水详情：{'datetime': '2018-04-06 01:10:13', 'account_name': 'lisi', 'action': '提现', 'details': '结算成功，用户lisi当前余额为：16850.0元'}"}
2018-04-06 01:10:52 - accounts.py:51(accounts:load_account) - DEBUG - {'code': 200, 'msg': '账户lisi的数据加载成功', 'data': {'name': 'lisi', 'password': '123456', 'balance': 16850.0, 'locked': False, 'is_administrator': False}}
2018-04-06 01:10:52 - accounts.py:69(accounts:save_account) - DEBUG - {'code': 200, 'msg': '账户lisi信息保存成功'}
2018-04-06 01:10:52 - accounts.py:119(accounts:settle_account) - DEBUG - {'code': 200, 'msg': '结算成功，账户lisi当前余额为：14850.0元'}
2018-04-06 01:10:52 - accounts.py:51(accounts:load_account) - DEBUG - {'code': 200, 'msg': '账户zhangsan的数据加载成功', 'data': {'name': 'zhangsan', 'password': '123456', 'balance': 14475.0, 'locked': False, 'is_administrator': False}}
2018-04-06 01:10:52 - accounts.py:69(accounts:save_account) - DEBUG - {'code': 200, 'msg': '账户zhangsan信息保存成功'}
2018-04-06 01:10:52 - accounts.py:195(accounts:account_flow) - DEBUG - {'code': 200, 'msg': "账户流水入库成功，流水详情：{'datetime': '2018-04-06 01:10:52', 'account_name': 'lisi', 'action': '转账', 'details': '转账成功，转账给账户zhangsan共计2000元'}"}
2018-04-06 01:11:48 - accounts.py:51(accounts:load_account) - DEBUG - {'code': 200, 'msg': '账户lisi的数据加载成功', 'data': {'name': 'lisi', 'password': '123456', 'balance': 14850.0, 'locked': False, 'is_administrator': False}}
2018-04-06 01:27:22 - accounts.py:51(accounts:load_account) - DEBUG - {'code': 200, 'msg': '账户lisi的数据加载成功', 'data': {'name': 'lisi', 'password': '123456', 'balance': 14850.0, 'locked': False, 'is_administrator': False}}
2018-04-06 01:27:30 - accounts.py:51(accounts:load_account) - DEBUG - {'code': 200, 'msg': '账户lisi的数据加载成功', 'data': {'name': 'lisi', 'password': '123456', 'balance': 14850.0, 'locked': False, 'is_administrator': False}}
2018-04-06 01:27:30 - accounts.py:69(accounts:save_account) - DEBUG - {'code': 200, 'msg': '账户lisi信息保存成功'}
2018-04-06 01:27:30 - accounts.py:120(accounts:settle_account) - DEBUG - {'code': 200, 'msg': '结算成功，用户lisi存入1000元,当前余额为：15850.0元'}
2018-04-06 01:27:30 - accounts.py:196(accounts:account_flow) - DEBUG - {'code': 200, 'msg': "账户流水入库成功，流水详情：{'datetime': '2018-04-06 01:27:30', 'account_name': 'lisi', 'action': '还款/存款', 'details': '结算成功，用户lisi存入1000元,当前余额为：15850.0元'}"}
2018-04-06 01:27:53 - accounts.py:51(accounts:load_account) - DEBUG - {'code': 200, 'msg': '账户lisi的数据加载成功', 'data': {'name': 'lisi', 'password': '123456', 'balance': 15850.0, 'locked': False, 'is_administrator': False}}
2018-04-06 01:27:53 - accounts.py:69(accounts:save_account) - DEBUG - {'code': 200, 'msg': '账户lisi信息保存成功'}
2018-04-06 01:27:53 - accounts.py:120(accounts:settle_account) - DEBUG - {'code': 200, 'msg': '结算成功，用户lisi扣款1050.0元（包含手续费50.0元),当前余额为：14800.0元'}
2018-04-06 01:27:53 - accounts.py:196(accounts:account_flow) - DEBUG - {'code': 200, 'msg': "账户流水入库成功，流水详情：{'datetime': '2018-04-06 01:27:53', 'account_name': 'lisi', 'action': '提现', 'details': '结算成功，用户lisi扣款1050.0元（包含手续费50.0元),当前余额为：14800.0元'}"}
2018-04-06 01:29:09 - accounts.py:51(accounts:load_account) - DEBUG - {'code': 200, 'msg': '账户zhangsan的数据加载成功', 'data': {'name': 'zhangsan', 'password': '123456', 'balance': 16475.0, 'locked': False, 'is_administrator': False}}
2018-04-06 01:29:20 - accounts.py:51(accounts:load_account) - DEBUG - {'code': 200, 'msg': '账户zhangsan的数据加载成功', 'data': {'name': 'zhangsan', 'password': '123456', 'balance': 16475.0, 'locked': False, 'is_administrator': False}}
2018-04-06 01:29:20 - accounts.py:69(accounts:save_account) - DEBUG - {'code': 200, 'msg': '账户zhangsan信息保存成功'}
2018-04-06 01:29:20 - accounts.py:120(accounts:settle_account) - DEBUG - {'code': 200, 'msg': '结算成功，账户zhangsan存入3000元,当前余额为：19475.0元'}
2018-04-06 01:29:20 - accounts.py:196(accounts:account_flow) - DEBUG - {'code': 200, 'msg': "账户流水入库成功，流水详情：{'datetime': '2018-04-06 01:29:20', 'account_name': 'zhangsan', 'action': '还款/存款', 'details': '结算成功，账户zhangsan存入3000元,当前余额为：19475.0元'}"}
2018-04-06 01:29:34 - accounts.py:51(accounts:load_account) - DEBUG - {'code': 200, 'msg': '账户zhangsan的数据加载成功', 'data': {'name': 'zhangsan', 'password': '123456', 'balance': 19475.0, 'locked': False, 'is_administrator': False}}
2018-04-06 01:29:34 - accounts.py:69(accounts:save_account) - DEBUG - {'code': 200, 'msg': '账户zhangsan信息保存成功'}
2018-04-06 01:29:34 - accounts.py:120(accounts:settle_account) - DEBUG - {'code': 200, 'msg': '结算成功，账户zhangsan扣款1050.0元（包含手续费50.0元),当前余额为：18425.0元'}
2018-04-06 01:29:34 - accounts.py:196(accounts:account_flow) - DEBUG - {'code': 200, 'msg': "账户流水入库成功，流水详情：{'datetime': '2018-04-06 01:29:34', 'account_name': 'zhangsan', 'action': '提现', 'details': '结算成功，账户zhangsan扣款1050.0元（包含手续费50.0元),当前余额为：18425.0元'}"}
2018-04-06 01:29:55 - accounts.py:51(accounts:load_account) - DEBUG - {'code': 200, 'msg': '账户zhangsan的数据加载成功', 'data': {'name': 'zhangsan', 'password': '123456', 'balance': 18425.0, 'locked': False, 'is_administrator': False}}
2018-04-06 01:29:55 - accounts.py:69(accounts:save_account) - DEBUG - {'code': 200, 'msg': '账户zhangsan信息保存成功'}
2018-04-06 01:29:55 - accounts.py:120(accounts:settle_account) - DEBUG - {'code': 200, 'msg': '结算成功，账户zhangsan扣款1000元，当前余额为：17425.0元'}
2018-04-06 01:29:55 - accounts.py:51(accounts:load_account) - DEBUG - {'code': 200, 'msg': '账户lisi的数据加载成功', 'data': {'name': 'lisi', 'password': '123456', 'balance': 14800.0, 'locked': False, 'is_administrator': False}}
2018-04-06 01:29:55 - accounts.py:69(accounts:save_account) - DEBUG - {'code': 200, 'msg': '账户lisi信息保存成功'}
2018-04-06 01:29:55 - accounts.py:196(accounts:account_flow) - DEBUG - {'code': 200, 'msg': "账户流水入库成功，流水详情：{'datetime': '2018-04-06 01:29:55', 'account_name': 'zhangsan', 'action': '转账', 'details': '转账成功，转账给账户lisi共计1000元'}"}
2018-04-06 01:42:48 - accounts.py:51(accounts:load_account) - DEBUG - {'code': 200, 'msg': '账户zhangsan的数据加载成功', 'data': {'name': 'zhangsan', 'password': '123456', 'balance': 17425.0, 'locked': False, 'is_administrator': False}}
2018-04-06 01:42:52 - accounts.py:51(accounts:load_account) - DEBUG - {'code': 200, 'msg': '账户zhangsan的数据加载成功', 'data': {'name': 'zhangsan', 'password': '123456', 'balance': 17425.0, 'locked': False, 'is_administrator': False}}
2018-04-06 01:43:01 - accounts.py:51(accounts:load_account) - DEBUG - {'code': 200, 'msg': '账户zhangsan的数据加载成功', 'data': {'name': 'zhangsan', 'password': '123456', 'balance': 17425.0, 'locked': False, 'is_administrator': False}}
2018-04-06 01:43:01 - accounts.py:69(accounts:save_account) - DEBUG - {'code': 200, 'msg': '账户zhangsan信息保存成功'}
2018-04-06 01:43:01 - accounts.py:120(accounts:settle_account) - DEBUG - {'code': 200, 'msg': '结算成功，账户zhangsan存入1000元,当前余额为：18425.0元'}
2018-04-06 01:43:01 - accounts.py:196(accounts:account_flow) - DEBUG - {'code': 200, 'msg': "账户流水入库成功，流水详情：{'datetime': '2018-04-06 01:43:01', 'account_name': 'zhangsan', 'action': '还款/存款', 'details': '结算成功，账户zhangsan存入1000元,当前余额为：18425.0元'}"}
2018-04-06 01:43:28 - accounts.py:51(accounts:load_account) - DEBUG - {'code': 200, 'msg': '账户zhangsan的数据加载成功', 'data': {'name': 'zhangsan', 'password': '123456', 'balance': 18425.0, 'locked': False, 'is_administrator': False}}
2018-04-06 01:43:28 - accounts.py:69(accounts:save_account) - DEBUG - {'code': 200, 'msg': '账户zhangsan信息保存成功'}
2018-04-06 01:43:28 - accounts.py:120(accounts:settle_account) - DEBUG - {'code': 200, 'msg': '结算成功，账户zhangsan扣款支出1050.0元（包含手续费50.0元),当前余额为：17375.0元'}
2018-04-06 01:43:28 - accounts.py:196(accounts:account_flow) - DEBUG - {'code': 200, 'msg': "账户流水入库成功，流水详情：{'datetime': '2018-04-06 01:43:28', 'account_name': 'zhangsan', 'action': '提现', 'details': '结算成功，账户zhangsan扣款支出1050.0元（包含手续费50.0元),当前余额为：17375.0元'}"}
2018-04-06 01:44:23 - accounts.py:51(accounts:load_account) - DEBUG - {'code': 200, 'msg': '账户zhangsan的数据加载成功', 'data': {'name': 'zhangsan', 'password': '123456', 'balance': 17375.0, 'locked': False, 'is_administrator': False}}
2018-04-06 01:44:23 - accounts.py:69(accounts:save_account) - DEBUG - {'code': 200, 'msg': '账户zhangsan信息保存成功'}
2018-04-06 01:44:23 - accounts.py:120(accounts:settle_account) - DEBUG - {'code': 200, 'msg': '结算成功，账户zhangsan扣款支出1000元，当前余额为：16375.0元'}
2018-04-06 01:44:23 - accounts.py:51(accounts:load_account) - DEBUG - {'code': 200, 'msg': '账户lisi的数据加载成功', 'data': {'name': 'lisi', 'password': '123456', 'balance': 15800.0, 'locked': False, 'is_administrator': False}}
2018-04-06 01:44:23 - accounts.py:69(accounts:save_account) - DEBUG - {'code': 200, 'msg': '账户lisi信息保存成功'}
2018-04-06 01:44:23 - accounts.py:120(accounts:settle_account) - DEBUG - {'code': 200, 'msg': '结算成功，账户lisi存入1000元,当前余额为：16800.0元'}
2018-04-06 01:49:11 - accounts.py:51(accounts:load_account) - DEBUG - {'code': 200, 'msg': '账户zhangsan的数据加载成功', 'data': {'name': 'zhangsan', 'password': '123456', 'balance': 16375.0, 'locked': False, 'is_administrator': False}}
2018-04-06 01:49:24 - accounts.py:51(accounts:load_account) - DEBUG - {'code': 200, 'msg': '账户zhangsan的数据加载成功', 'data': {'name': 'zhangsan', 'password': '123456', 'balance': 16375.0, 'locked': False, 'is_administrator': False}}
2018-04-06 01:49:24 - accounts.py:69(accounts:save_account) - DEBUG - {'code': 200, 'msg': '账户zhangsan信息保存成功'}
2018-04-06 01:49:24 - accounts.py:120(accounts:settle_account) - DEBUG - {'code': 200, 'msg': '结算成功，账户zhangsan扣款支出1000元，当前余额为：15375.0元'}
2018-04-06 01:49:24 - accounts.py:51(accounts:load_account) - DEBUG - {'code': 200, 'msg': '账户lisi的数据加载成功', 'data': {'name': 'lisi', 'password': '123456', 'balance': 16800.0, 'locked': False, 'is_administrator': False}}
2018-04-06 01:49:24 - accounts.py:69(accounts:save_account) - DEBUG - {'code': 200, 'msg': '账户lisi信息保存成功'}
2018-04-06 01:49:24 - accounts.py:120(accounts:settle_account) - DEBUG - {'code': 200, 'msg': '结算成功，账户lisi存入1000元,当前余额为：17800.0元'}
2018-04-06 01:49:24 - accounts.py:196(accounts:account_flow) - DEBUG - {'code': 200, 'msg': "账户流水入库成功，流水详情：{'datetime': '2018-04-06 01:49:24', 'account_name': 'zhangsan', 'action': '转账', 'details': '转账成功，转账给账户lisi共计1000元'}"}
2018-04-06 01:49:41 - accounts.py:196(accounts:account_flow) - DEBUG - {'code': 200, 'msg': "账户流水入库成功，流水详情：{'datetime': '2018-04-06 01:49:41', 'account_name': 'zhangsan', 'action': '转账', 'details': '转账失败，不能对自己账户进行转账操作'}"}
2018-04-06 01:50:31 - accounts.py:51(accounts:load_account) - DEBUG - {'code': 200, 'msg': '账户zhangsan的数据加载成功', 'data': {'name': 'zhangsan', 'password': '123456', 'balance': 15375.0, 'locked': False, 'is_administrator': False}}
2018-04-06 02:08:40 - accounts.py:51(accounts:load_account) - DEBUG - {'code': 200, 'msg': '账户zhangsan的数据加载成功', 'data': {'name': 'zhangsan', 'password': '123456', 'balance': 15375.0, 'locked': False, 'is_administrator': False}}
2018-04-06 02:08:45 - accounts.py:51(accounts:load_account) - DEBUG - {'code': 200, 'msg': '账户zhangsan的数据加载成功', 'data': {'name': 'zhangsan', 'password': '123456', 'balance': 15375.0, 'locked': False, 'is_administrator': False}}
2018-04-06 02:08:45 - accounts.py:69(accounts:save_account) - DEBUG - {'code': 200, 'msg': '账户zhangsan信息保存成功'}
2018-04-06 02:08:45 - accounts.py:120(accounts:settle_account) - DEBUG - {'code': 200, 'msg': '结算成功，账户zhangsan扣款支出105.0元（包含手续费5.0元),当前余额为：15270.0元'}
2018-04-06 02:08:45 - accounts.py:196(accounts:account_flow) - DEBUG - {'code': 200, 'msg': "账户流水入库成功，流水详情：{'datetime': '2018-04-06 02:08:45', 'account_name': 'zhangsan', 'action': '提现', 'details': '结算成功，账户zhangsan扣款支出105.0元（包含手续费5.0元),当前余额为：15270.0元'}"}
2018-04-06 02:12:50 - accounts.py:51(accounts:load_account) - DEBUG - {'code': 200, 'msg': '账户zhangsan的数据加载成功', 'data': {'name': 'zhangsan', 'password': '123456', 'balance': 15270.0, 'locked': False, 'is_administrator': False}}
2018-04-06 02:13:10 - accounts.py:51(accounts:load_account) - DEBUG - {'code': 200, 'msg': '账户zhangsan的数据加载成功', 'data': {'name': 'zhangsan', 'password': '123456', 'balance': 15270.0, 'locked': False, 'is_administrator': False}}
2018-04-06 02:13:10 - accounts.py:69(accounts:save_account) - DEBUG - {'code': 200, 'msg': '账户zhangsan信息保存成功'}
2018-04-06 02:13:10 - accounts.py:120(accounts:settle_account) - DEBUG - {'code': 200, 'msg': '结算成功，账户zhangsan扣款支出699元，当前余额为：14571.0元'}
2018-04-06 02:13:10 - accounts.py:51(accounts:load_account) - DEBUG - {'code': 200, 'msg': '账户lisi的数据加载成功', 'data': {'name': 'lisi', 'password': '123456', 'balance': 17800.0, 'locked': False, 'is_administrator': False}}
2018-04-06 02:13:10 - accounts.py:69(accounts:save_account) - DEBUG - {'code': 200, 'msg': '账户lisi信息保存成功'}
2018-04-06 02:13:10 - accounts.py:120(accounts:settle_account) - DEBUG - {'code': 200, 'msg': '结算成功，账户lisi存入699元,当前余额为：18499.0元'}
2018-04-06 02:13:10 - accounts.py:196(accounts:account_flow) - DEBUG - {'code': 200, 'msg': "账户流水入库成功，流水详情：{'datetime': '2018-04-06 02:13:10', 'account_name': 'zhangsan', 'action': '转账', 'details': '转账成功，转账给账户lisi共计699元'}"}
2018-04-06 02:23:41 - accounts.py:51(accounts:load_account) - DEBUG - {'code': 200, 'msg': '账户zhangsan的数据加载成功', 'data': {'name': 'zhangsan', 'password': '123456', 'balance': 14571.0, 'locked': False, 'is_administrator': False}}
2018-04-06 02:23:53 - accounts.py:51(accounts:load_account) - DEBUG - {'code': 200, 'msg': '账户zhangsan的数据加载成功', 'data': {'name': 'zhangsan', 'password': '123456', 'balance': 14571.0, 'locked': False, 'is_administrator': False}}
2018-04-06 02:23:53 - accounts.py:69(accounts:save_account) - DEBUG - {'code': 200, 'msg': '账户zhangsan信息保存成功'}
2018-04-06 02:23:53 - accounts.py:120(accounts:settle_account) - DEBUG - {'code': 200, 'msg': '结算成功，账户zhangsan扣款支出500元，当前余额为：14071.0元'}
2018-04-06 02:23:53 - accounts.py:196(accounts:account_flow) - DEBUG - {'code': 200, 'msg': "账户流水入库成功，流水详情：{'datetime': '2018-04-06 02:23:53', 'account_name': 'lisi', 'action': '转账/存入', 'details': '转账成功，收到账户zhangsan转账共计500元'}"}
2018-04-06 02:23:53 - accounts.py:51(accounts:load_account) - DEBUG - {'code': 200, 'msg': '账户lisi的数据加载成功', 'data': {'name': 'lisi', 'password': '123456', 'balance': 18499.0, 'locked': False, 'is_administrator': False}}
2018-04-06 02:23:53 - accounts.py:69(accounts:save_account) - DEBUG - {'code': 200, 'msg': '账户lisi信息保存成功'}
2018-04-06 02:23:53 - accounts.py:120(accounts:settle_account) - DEBUG - {'code': 200, 'msg': '结算成功，账户lisi存入500元,当前余额为：18999.0元'}
2018-04-06 02:23:53 - accounts.py:196(accounts:account_flow) - DEBUG - {'code': 200, 'msg': "账户流水入库成功，流水详情：{'datetime': '2018-04-06 02:23:53', 'account_name': 'zhangsan', 'action': '转账/支出', 'details': '转账成功，转账给账户lisi共计500元'}"}
2018-04-06 02:28:13 - accounts.py:51(accounts:load_account) - DEBUG - {'code': 200, 'msg': '账户zhangsan的数据加载成功', 'data': {'name': 'zhangsan', 'password': '123456', 'balance': 14071.0, 'locked': False, 'is_administrator': False}}
2018-04-06 02:28:28 - accounts.py:51(accounts:load_account) - DEBUG - {'code': 200, 'msg': '账户zhangsan的数据加载成功', 'data': {'name': 'zhangsan', 'password': '123456', 'balance': 14071.0, 'locked': False, 'is_administrator': False}}
2018-04-06 02:28:28 - accounts.py:69(accounts:save_account) - DEBUG - {'code': 200, 'msg': '账户zhangsan信息保存成功'}
2018-04-06 02:28:28 - accounts.py:120(accounts:settle_account) - DEBUG - {'code': 200, 'msg': '结算成功，账户zhangsan扣款支出999元，当前余额为：13072.0元'}
2018-04-06 02:28:28 - accounts.py:196(accounts:account_flow) - DEBUG - {'code': 200, 'msg': "账户流水入库成功，流水详情：{'datetime': '2018-04-06 02:28:28', 'account_name': 'zhangsan', 'action': '转账/支出', 'details': '转账成功，转账给账户lisi共计999元'}"}
2018-04-06 02:28:28 - accounts.py:51(accounts:load_account) - DEBUG - {'code': 200, 'msg': '账户lisi的数据加载成功', 'data': {'name': 'lisi', 'password': '123456', 'balance': 18999.0, 'locked': False, 'is_administrator': False}}
2018-04-06 02:28:28 - accounts.py:69(accounts:save_account) - DEBUG - {'code': 200, 'msg': '账户lisi信息保存成功'}
2018-04-06 02:28:28 - accounts.py:120(accounts:settle_account) - DEBUG - {'code': 200, 'msg': '结算成功，账户lisi存入999元,当前余额为：19998.0元'}
2018-04-06 02:28:28 - accounts.py:196(accounts:account_flow) - DEBUG - {'code': 200, 'msg': "账户流水入库成功，流水详情：{'datetime': '2018-04-06 02:28:28', 'account_name': 'lisi', 'action': '转账/存入', 'details': '转账成功，收到账户zhangsan转账共计999元'}"}
2018-04-06 02:32:32 - accounts.py:51(accounts:load_account) - DEBUG - {'code': 200, 'msg': '账户zhangsan的数据加载成功', 'data': {'name': 'zhangsan', 'password': '123456', 'balance': 13072.0, 'locked': False, 'is_administrator': False}}
2018-04-06 02:32:34 - accounts.py:51(accounts:load_account) - DEBUG - {'code': 200, 'msg': '账户zhangsan的数据加载成功', 'data': {'name': 'zhangsan', 'password': '123456', 'balance': 13072.0, 'locked': False, 'is_administrator': False}}
2018-04-06 02:32:45 - accounts.py:51(accounts:load_account) - DEBUG - {'code': 200, 'msg': '账户zhangsan的数据加载成功', 'data': {'name': 'zhangsan', 'password': '123456', 'balance': 13072.0, 'locked': False, 'is_administrator': False}}
2018-04-06 02:32:45 - accounts.py:69(accounts:save_account) - DEBUG - {'code': 200, 'msg': '账户zhangsan信息保存成功'}
2018-04-06 02:32:45 - accounts.py:120(accounts:settle_account) - DEBUG - {'code': 200, 'msg': '结算成功，账户zhangsan扣款支出300元，当前余额为：12772.0元'}
2018-04-06 02:32:45 - accounts.py:51(accounts:load_account) - DEBUG - {'code': 200, 'msg': '账户lisi的数据加载成功', 'data': {'name': 'lisi', 'password': '123456', 'balance': 19998.0, 'locked': False, 'is_administrator': False}}
2018-04-06 02:32:45 - accounts.py:69(accounts:save_account) - DEBUG - {'code': 200, 'msg': '账户lisi信息保存成功'}
2018-04-06 02:32:45 - accounts.py:120(accounts:settle_account) - DEBUG - {'code': 200, 'msg': '结算成功，账户lisi存入300元,当前余额为：20298.0元'}
2018-04-06 02:32:45 - accounts.py:196(accounts:account_flow) - DEBUG - {'code': 200, 'msg': "账户流水入库成功，流水详情：{'datetime': '2018-04-06 02:32:45', 'account_name': 'zhangsan', 'action': '转账/支出', 'details': '转账成功，转账给账户lisi共计300元'}"}
2018-04-06 02:32:45 - accounts.py:196(accounts:account_flow) - DEBUG - {'code': 200, 'msg': "账户流水入库成功，流水详情：{'datetime': '2018-04-06 02:32:45', 'account_name': 'lisi', 'action': '转账/存入', 'details': '转账成功，收到账户zhangsan转账共计300元'}"}
2018-04-06 02:36:47 - accounts.py:51(accounts:load_account) - DEBUG - {'code': 200, 'msg': '账户lisi的数据加载成功', 'data': {'name': 'lisi', 'password': '123456', 'balance': 20298.0, 'locked': False, 'is_administrator': False}}
2018-04-06 02:37:08 - accounts.py:51(accounts:load_account) - DEBUG - {'code': 200, 'msg': '账户admin的数据加载成功', 'data': {'name': 'admin', 'password': 'admin', 'balance': 15000, 'locked': False, 'is_administrator': True}}
2018-04-06 02:37:26 - accounts.py:51(accounts:load_account) - DEBUG - {'code': 200, 'msg': '账户zhangsan的数据加载成功', 'data': {'name': 'zhangsan', 'password': '123456', 'balance': 12772.0, 'locked': False, 'is_administrator': False}}
2018-04-06 02:37:26 - accounts.py:69(accounts:save_account) - DEBUG - {'code': 200, 'msg': '账户zhangsan信息保存成功'}
2018-04-06 02:37:26 - accounts.py:246(accounts:reset_account) - DEBUG - {'code': 200, 'msg': '账户zhangsan重置密码成功'}
2018-04-06 02:37:57 - accounts.py:51(accounts:load_account) - DEBUG - {'code': 200, 'msg': '账户zhangsan的数据加载成功', 'data': {'name': 'zhangsan', 'password': '111111', 'balance': 12772.0, 'locked': False, 'is_administrator': False}}
2018-04-06 02:38:21 - accounts.py:51(accounts:load_account) - DEBUG - {'code': 200, 'msg': '账户zhangsan的数据加载成功', 'data': {'name': 'zhangsan', 'password': '111111', 'balance': 12772.0, 'locked': False, 'is_administrator': False}}
2018-04-06 02:38:36 - accounts.py:51(accounts:load_account) - DEBUG - {'code': 200, 'msg': '账户zhangsan的数据加载成功', 'data': {'name': 'zhangsan', 'password': '111111', 'balance': 12772.0, 'locked': False, 'is_administrator': False}}
2018-04-06 03:09:42 - accounts.py:51(accounts:load_account) - DEBUG - {'code': 200, 'msg': '账户zhangsan的数据加载成功', 'data': {'name': 'zhangsan', 'password': '111111', 'balance': 12772.0, 'locked': False, 'is_administrator': False}}
2018-04-06 03:10:07 - accounts.py:51(accounts:load_account) - DEBUG - {'code': 200, 'msg': '账户zhangsan的数据加载成功', 'data': {'name': 'zhangsan', 'password': '111111', 'balance': 12772.0, 'locked': False, 'is_administrator': False}}
2018-04-06 03:10:07 - accounts.py:245(accounts:reset_account) - DEBUG - {'code': 400, 'msg': '重置密码失败，账户zhangsan的两次设置密码不一致'}
2018-04-06 03:10:25 - accounts.py:51(accounts:load_account) - DEBUG - {'code': 200, 'msg': '账户zhangsan的数据加载成功', 'data': {'name': 'zhangsan', 'password': '111111', 'balance': 12772.0, 'locked': False, 'is_administrator': False}}
2018-04-06 03:11:02 - accounts.py:51(accounts:load_account) - DEBUG - {'code': 200, 'msg': '账户zhangsan的数据加载成功', 'data': {'name': 'zhangsan', 'password': '111111', 'balance': 12772.0, 'locked': False, 'is_administrator': False}}
2018-04-06 03:11:18 - accounts.py:51(accounts:load_account) - DEBUG - {'code': 200, 'msg': '账户zhangsan的数据加载成功', 'data': {'name': 'zhangsan', 'password': '111111', 'balance': 12772.0, 'locked': False, 'is_administrator': False}}
2018-04-06 03:11:18 - accounts.py:51(accounts:load_account) - DEBUG - {'code': 200, 'msg': '账户zhangsan的数据加载成功', 'data': {'name': 'zhangsan', 'password': '111111', 'balance': 12772.0, 'locked': False, 'is_administrator': False}}
2018-04-06 03:11:18 - accounts.py:69(accounts:save_account) - DEBUG - {'code': 200, 'msg': '账户zhangsan信息保存成功'}
2018-04-06 03:11:18 - accounts.py:245(accounts:reset_account) - DEBUG - {'code': 200, 'msg': '账户zhangsan重置密码成功'}
