2018-04-06 01:01:35 - auth.py:14(auth:deco) - DEBUG - {'code': 200, 'msg': '认证成功，账户admin已成功登陆'}
2018-04-06 01:01:35 - auth.py:32(auth:deco) - DEBUG - {'code': 200, 'msg': '认证成功，账户admin是管理员身份'}
2018-04-06 01:03:06 - auth.py:19(auth:deco) - DEBUG - {'code': 400, 'msg': '认证失败，当前是未登录状态,请先登录账户'}
2018-04-06 01:03:35 - auth.py:14(auth:deco) - DEBUG - {'code': 200, 'msg': '认证成功，账户admin已成功登陆'}
2018-04-06 01:03:35 - auth.py:32(auth:deco) - DEBUG - {'code': 200, 'msg': '认证成功，账户admin是管理员身份'}
2018-04-06 01:04:56 - auth.py:14(auth:deco) - DEBUG - {'code': 200, 'msg': '认证成功，账户admin已成功登陆'}
2018-04-06 01:04:56 - auth.py:32(auth:deco) - DEBUG - {'code': 200, 'msg': '认证成功，账户admin是管理员身份'}
2018-04-06 01:06:49 - auth.py:14(auth:deco) - DEBUG - {'code': 200, 'msg': '认证成功，账户admin已成功登陆'}
2018-04-06 01:06:49 - auth.py:32(auth:deco) - DEBUG - {'code': 200, 'msg': '认证成功，账户admin是管理员身份'}
2018-04-06 01:09:27 - auth.py:14(auth:deco) - DEBUG - {'code': 200, 'msg': '认证成功，账户lisi已成功登陆'}
2018-04-06 01:09:27 - auth.py:14(auth:deco) - DEBUG - {'code': 200, 'msg': '认证成功，账户lisi已成功登陆'}
2018-04-06 01:09:30 - auth.py:19(auth:deco) - DEBUG - {'code': 400, 'msg': '认证失败，当前是未登录状态,请先登录账户'}
2018-04-06 01:09:48 - auth.py:14(auth:deco) - DEBUG - {'code': 200, 'msg': '认证成功，账户lisi已成功登陆'}
2018-04-06 01:09:54 - auth.py:14(auth:deco) - DEBUG - {'code': 200, 'msg': '认证成功，账户lisi已成功登陆'}
2018-04-06 01:10:03 - auth.py:14(auth:deco) - DEBUG - {'code': 200, 'msg': '认证成功，账户lisi已成功登陆'}
2018-04-06 01:10:13 - auth.py:14(auth:deco) - DEBUG - {'code': 200, 'msg': '认证成功，账户lisi已成功登陆'}
2018-04-06 01:10:42 - auth.py:14(auth:deco) - DEBUG - {'code': 200, 'msg': '认证成功，账户lisi已成功登陆'}
2018-04-06 01:10:52 - auth.py:14(auth:deco) - DEBUG - {'code': 200, 'msg': '认证成功，账户lisi已成功登陆'}
2018-04-06 01:11:00 - auth.py:14(auth:deco) - DEBUG - {'code': 200, 'msg': '认证成功，账户lisi已成功登陆'}
2018-04-06 01:11:14 - auth.py:14(auth:deco) - DEBUG - {'code': 200, 'msg': '认证成功，账户lisi已成功登陆'}
2018-04-06 01:11:48 - auth.py:14(auth:deco) - DEBUG - {'code': 200, 'msg': '认证成功，账户lisi已成功登陆'}
2018-04-06 01:11:48 - auth.py:14(auth:deco) - DEBUG - {'code': 200, 'msg': '认证成功，账户lisi已成功登陆'}
2018-04-06 01:12:10 - auth.py:14(auth:deco) - DEBUG - {'code': 200, 'msg': '认证成功，账户lisi已成功登陆'}
2018-04-06 01:12:10 - auth.py:14(auth:deco) - DEBUG - {'code': 200, 'msg': '认证成功，账户lisi已成功登陆'}
2018-04-06 01:27:27 - auth.py:14(auth:deco) - DEBUG - {'code': 200, 'msg': '认证成功，账户lisi已成功登陆'}
2018-04-06 01:27:30 - auth.py:14(auth:deco) - DEBUG - {'code': 200, 'msg': '认证成功，账户lisi已成功登陆'}
2018-04-06 01:27:48 - auth.py:14(auth:deco) - DEBUG - {'code': 200, 'msg': '认证成功，账户lisi已成功登陆'}
2018-04-06 01:27:53 - auth.py:14(auth:deco) - DEBUG - {'code': 200, 'msg': '认证成功，账户lisi已成功登陆'}
2018-04-06 01:29:15 - auth.py:14(auth:deco) - DEBUG - {'code': 200, 'msg': '认证成功，账户zhangsan已成功登陆'}
2018-04-06 01:29:20 - auth.py:14(auth:deco) - DEBUG - {'code': 200, 'msg': '认证成功，账户zhangsan已成功登陆'}
2018-04-06 01:29:27 - auth.py:14(auth:deco) - DEBUG - {'code': 200, 'msg': '认证成功，账户zhangsan已成功登陆'}
2018-04-06 01:29:34 - auth.py:14(auth:deco) - DEBUG - {'code': 200, 'msg': '认证成功，账户zhangsan已成功登陆'}
2018-04-06 01:29:50 - auth.py:14(auth:deco) - DEBUG - {'code': 200, 'msg': '认证成功，账户zhangsan已成功登陆'}
2018-04-06 01:29:55 - auth.py:14(auth:deco) - DEBUG - {'code': 200, 'msg': '认证成功，账户zhangsan已成功登陆'}
2018-04-06 01:31:17 - auth.py:14(auth:deco) - DEBUG - {'code': 200, 'msg': '认证成功，账户zhangsan已成功登陆'}
2018-04-06 01:31:21 - auth.py:14(auth:deco) - DEBUG - {'code': 200, 'msg': '认证成功，账户zhangsan已成功登陆'}
2018-04-06 01:42:52 - auth.py:14(auth:deco) - DEBUG - {'code': 200, 'msg': '认证成功，账户zhangsan已成功登陆'}
2018-04-06 01:42:52 - auth.py:14(auth:deco) - DEBUG - {'code': 200, 'msg': '认证成功，账户zhangsan已成功登陆'}
2018-04-06 01:42:57 - auth.py:14(auth:deco) - DEBUG - {'code': 200, 'msg': '认证成功，账户zhangsan已成功登陆'}
2018-04-06 01:43:01 - auth.py:14(auth:deco) - DEBUG - {'code': 200, 'msg': '认证成功，账户zhangsan已成功登陆'}
2018-04-06 01:43:09 - auth.py:14(auth:deco) - DEBUG - {'code': 200, 'msg': '认证成功，账户zhangsan已成功登陆'}
2018-04-06 01:43:28 - auth.py:14(auth:deco) - DEBUG - {'code': 200, 'msg': '认证成功，账户zhangsan已成功登陆'}
2018-04-06 01:44:03 - auth.py:14(auth:deco) - DEBUG - {'code': 200, 'msg': '认证成功，账户zhangsan已成功登陆'}
2018-04-06 01:44:23 - auth.py:14(auth:deco) - DEBUG - {'code': 200, 'msg': '认证成功，账户zhangsan已成功登陆'}
2018-04-06 01:49:17 - auth.py:14(auth:deco) - DEBUG - {'code': 200, 'msg': '认证成功，账户zhangsan已成功登陆'}
2018-04-06 01:49:24 - auth.py:14(auth:deco) - DEBUG - {'code': 200, 'msg': '认证成功，账户zhangsan已成功登陆'}
2018-04-06 01:49:32 - auth.py:14(auth:deco) - DEBUG - {'code': 200, 'msg': '认证成功，账户zhangsan已成功登陆'}
2018-04-06 01:49:41 - auth.py:14(auth:deco) - DEBUG - {'code': 200, 'msg': '认证成功，账户zhangsan已成功登陆'}
2018-04-06 01:50:21 - auth.py:14(auth:deco) - DEBUG - {'code': 200, 'msg': '认证成功，账户zhangsan已成功登陆'}
2018-04-06 01:50:26 - auth.py:14(auth:deco) - DEBUG - {'code': 200, 'msg': '认证成功，账户zhangsan已成功登陆'}
2018-04-06 01:50:31 - auth.py:14(auth:deco) - DEBUG - {'code': 200, 'msg': '认证成功，账户zhangsan已成功登陆'}
2018-04-06 01:50:31 - auth.py:14(auth:deco) - DEBUG - {'code': 200, 'msg': '认证成功，账户zhangsan已成功登陆'}
2018-04-06 02:08:41 - auth.py:14(auth:deco) - DEBUG - {'code': 200, 'msg': '认证成功，账户zhangsan已成功登陆'}
2018-04-06 02:08:45 - auth.py:14(auth:deco) - DEBUG - {'code': 200, 'msg': '认证成功，账户zhangsan已成功登陆'}
2018-04-06 02:13:00 - auth.py:14(auth:deco) - DEBUG - {'code': 200, 'msg': '认证成功，账户zhangsan已成功登陆'}
2018-04-06 02:13:10 - auth.py:14(auth:deco) - DEBUG - {'code': 200, 'msg': '认证成功，账户zhangsan已成功登陆'}
2018-04-06 02:23:45 - auth.py:14(auth:deco) - DEBUG - {'code': 200, 'msg': '认证成功，账户zhangsan已成功登陆'}
2018-04-06 02:23:53 - auth.py:14(auth:deco) - DEBUG - {'code': 200, 'msg': '认证成功，账户zhangsan已成功登陆'}
2018-04-06 02:28:19 - auth.py:14(auth:deco) - DEBUG - {'code': 200, 'msg': '认证成功，账户zhangsan已成功登陆'}
2018-04-06 02:28:28 - auth.py:14(auth:deco) - DEBUG - {'code': 200, 'msg': '认证成功，账户zhangsan已成功登陆'}
2018-04-06 02:32:34 - auth.py:14(auth:deco) - DEBUG - {'code': 200, 'msg': '认证成功，账户zhangsan已成功登陆'}
2018-04-06 02:32:34 - auth.py:14(auth:deco) - DEBUG - {'code': 200, 'msg': '认证成功，账户zhangsan已成功登陆'}
2018-04-06 02:32:41 - auth.py:14(auth:deco) - DEBUG - {'code': 200, 'msg': '认证成功，账户zhangsan已成功登陆'}
2018-04-06 02:32:45 - auth.py:14(auth:deco) - DEBUG - {'code': 200, 'msg': '认证成功，账户zhangsan已成功登陆'}
2018-04-06 02:36:47 - auth.py:14(auth:deco) - DEBUG - {'code': 200, 'msg': '认证成功，账户lisi已成功登陆'}
2018-04-06 02:37:11 - auth.py:14(auth:deco) - DEBUG - {'code': 200, 'msg': '认证成功，账户admin已成功登陆'}
2018-04-06 02:37:11 - auth.py:32(auth:deco) - DEBUG - {'code': 200, 'msg': '认证成功，账户admin是管理员身份'}
2018-04-06 02:37:36 - auth.py:14(auth:deco) - DEBUG - {'code': 200, 'msg': '认证成功，账户admin已成功登陆'}
2018-04-06 02:37:36 - auth.py:32(auth:deco) - DEBUG - {'code': 200, 'msg': '认证成功，账户admin是管理员身份'}
2018-04-06 02:37:36 - auth.py:14(auth:deco) - DEBUG - {'code': 200, 'msg': '认证成功，账户admin已成功登陆'}
2018-04-06 02:38:36 - auth.py:14(auth:deco) - DEBUG - {'code': 200, 'msg': '认证成功，账户zhangsan已成功登陆'}
2018-04-06 02:38:36 - auth.py:14(auth:deco) - DEBUG - {'code': 200, 'msg': '认证成功，账户zhangsan已成功登陆'}
2018-04-06 03:09:30 - auth.py:19(auth:deco) - DEBUG - {'code': 400, 'msg': '认证失败，当前是未登录状态,请先登录账户'}
2018-04-06 03:09:47 - auth.py:14(auth:deco) - DEBUG - {'code': 200, 'msg': '认证成功，账户zhangsan已成功登陆'}
2018-04-06 03:10:07 - auth.py:14(auth:deco) - DEBUG - {'code': 200, 'msg': '认证成功，账户zhangsan已成功登陆'}
2018-04-06 03:10:17 - auth.py:14(auth:deco) - DEBUG - {'code': 200, 'msg': '认证成功，账户zhangsan已成功登陆'}
2018-04-06 03:10:25 - auth.py:14(auth:deco) - DEBUG - {'code': 200, 'msg': '认证成功，账户zhangsan已成功登陆'}
2018-04-06 03:11:06 - auth.py:14(auth:deco) - DEBUG - {'code': 200, 'msg': '认证成功，账户zhangsan已成功登陆'}
2018-04-06 03:11:18 - auth.py:14(auth:deco) - DEBUG - {'code': 200, 'msg': '认证成功，账户zhangsan已成功登陆'}
2018-04-06 03:12:25 - auth.py:14(auth:deco) - DEBUG - {'code': 200, 'msg': '认证成功，账户zhangsan已成功登陆'}
2018-04-06 03:12:25 - auth.py:14(auth:deco) - DEBUG - {'code': 200, 'msg': '认证成功，账户zhangsan已成功登陆'}
