2018-04-06 01:01:30 - main.py:31(main:login) - DEBUG - {'code': 200, 'msg': '账户admin成功登录，欢迎您使用本系统'}
2018-04-06 01:03:32 - main.py:31(main:login) - DEBUG - {'code': 200, 'msg': '账户admin成功登录，欢迎您使用本系统'}
2018-04-06 01:04:54 - main.py:31(main:login) - DEBUG - {'code': 200, 'msg': '账户admin成功登录，欢迎您使用本系统'}
2018-04-06 01:06:47 - main.py:31(main:login) - DEBUG - {'code': 200, 'msg': '账户admin成功登录，欢迎您使用本系统'}
2018-04-06 01:09:20 - main.py:31(main:login) - DEBUG - {'code': 200, 'msg': '账户lisi成功登录，欢迎您使用本系统'}
2018-04-06 01:09:27 - main.py:44(main:logout) - DEBUG - {'code': 200, 'msg': '账户lisi成功登出系统，欢迎再次光临'}
2018-04-06 01:09:43 - main.py:31(main:login) - DEBUG - {'code': 200, 'msg': '账户lisi成功登录，欢迎您使用本系统'}
2018-04-06 01:09:54 - main.py:86(main:repayment) - DEBUG - {'code': 200, 'msg': '结算成功，用户lisi当前信用余额为：20000.0元'}
2018-04-06 01:10:13 - main.py:72(main:withdraw) - DEBUG - {'code': 200, 'msg': '结算成功，用户lisi当前余额为：16850.0元'}
2018-04-06 01:10:52 - main.py:112(main:transfer) - DEBUG - {'code': 200, 'msg': '转账成功，转账给账户zhangsan共计2000元'}
2018-04-06 01:11:14 - main.py:134(main:history) - DEBUG - {'code': 200, 'msg': '查询成功', 'data': ['{"datetime": "2018-04-06 01:09:54", "account_name": "lisi", "action": "\\u8fd8\\u6b3e/\\u5b58\\u6b3e", "details": "\\u7ed3\\u7b97\\u6210\\u529f\\uff0c\\u7528\\u6237lisi\\u5f53\\u524d\\u4fe1\\u7528\\u4f59\\u989d\\u4e3a\\uff1a20000.0\\u5143"}\n', '{"datetime": "2018-04-06 01:10:13", "account_name": "lisi", "action": "\\u63d0\\u73b0", "details": "\\u7ed3\\u7b97\\u6210\\u529f\\uff0c\\u7528\\u6237lisi\\u5f53\\u524d\\u4f59\\u989d\\u4e3a\\uff1a16850.0\\u5143"}\n', '{"datetime": "2018-04-06 01:10:52", "account_name": "lisi", "action": "\\u8f6c\\u8d26", "details": "\\u8f6c\\u8d26\\u6210\\u529f\\uff0c\\u8f6c\\u8d26\\u7ed9\\u8d26\\u6237zhangsan\\u5171\\u8ba12000\\u5143"}\n']}
2018-04-06 01:11:48 - main.py:150(main:balance) - DEBUG - {'code': 200, 'msg': '查询成功，您的当前余额为：14850.0元'}
2018-04-06 01:12:10 - main.py:44(main:logout) - DEBUG - {'code': 200, 'msg': '账户lisi成功登出系统，欢迎再次光临'}
2018-04-06 01:27:22 - main.py:31(main:login) - DEBUG - {'code': 200, 'msg': '账户lisi成功登录，欢迎您使用本系统'}
2018-04-06 01:27:30 - main.py:86(main:repayment) - DEBUG - {'code': 200, 'msg': '结算成功，用户lisi存入1000元,当前余额为：15850.0元'}
2018-04-06 01:27:53 - main.py:72(main:withdraw) - DEBUG - {'code': 200, 'msg': '结算成功，用户lisi扣款1050.0元（包含手续费50.0元),当前余额为：14800.0元'}
2018-04-06 01:29:09 - main.py:31(main:login) - DEBUG - {'code': 200, 'msg': '账户zhangsan成功登录，欢迎您使用本系统'}
2018-04-06 01:29:20 - main.py:86(main:repayment) - DEBUG - {'code': 200, 'msg': '结算成功，账户zhangsan存入3000元,当前余额为：19475.0元'}
2018-04-06 01:29:34 - main.py:72(main:withdraw) - DEBUG - {'code': 200, 'msg': '结算成功，账户zhangsan扣款1050.0元（包含手续费50.0元),当前余额为：18425.0元'}
2018-04-06 01:29:55 - main.py:112(main:transfer) - DEBUG - {'code': 200, 'msg': '转账成功，转账给账户lisi共计1000元'}
2018-04-06 01:31:21 - main.py:134(main:history) - DEBUG - {'code': 200, 'msg': '查询成功', 'data': ['{"datetime": "2018-04-05 23:54:34", "account_name": "zhangsan", "action": "\\u63d0\\u73b0", "details": "\\u7ed3\\u7b97\\u6210\\u529f\\uff0c\\u7528\\u6237zhangsan\\u5f53\\u524d\\u4f59\\u989d\\u4e3a\\uff1a14475.0\\u5143"}\n', '{"datetime": "2018-04-06 01:29:20", "account_name": "zhangsan", "action": "\\u8fd8\\u6b3e/\\u5b58\\u6b3e", "details": "\\u7ed3\\u7b97\\u6210\\u529f\\uff0c\\u8d26\\u6237zhangsan\\u5b58\\u51653000\\u5143,\\u5f53\\u524d\\u4f59\\u989d\\u4e3a\\uff1a19475.0\\u5143"}\n', '{"datetime": "2018-04-06 01:29:34", "account_name": "zhangsan", "action": "\\u63d0\\u73b0", "details": "\\u7ed3\\u7b97\\u6210\\u529f\\uff0c\\u8d26\\u6237zhangsan\\u6263\\u6b3e1050.0\\u5143\\uff08\\u5305\\u542b\\u624b\\u7eed\\u8d3950.0\\u5143),\\u5f53\\u524d\\u4f59\\u989d\\u4e3a\\uff1a18425.0\\u5143"}\n', '{"datetime": "2018-04-06 01:29:55", "account_name": "zhangsan", "action": "\\u8f6c\\u8d26", "details": "\\u8f6c\\u8d26\\u6210\\u529f\\uff0c\\u8f6c\\u8d26\\u7ed9\\u8d26\\u6237lisi\\u5171\\u8ba11000\\u5143"}\n']}
2018-04-06 01:42:48 - main.py:31(main:login) - DEBUG - {'code': 200, 'msg': '账户zhangsan成功登录，欢迎您使用本系统'}
2018-04-06 01:42:52 - main.py:150(main:balance) - DEBUG - {'code': 200, 'msg': '查询成功，您的当前余额为：17425.0元'}
2018-04-06 01:43:01 - main.py:86(main:repayment) - DEBUG - {'code': 200, 'msg': '结算成功，账户zhangsan存入1000元,当前余额为：18425.0元'}
2018-04-06 01:43:28 - main.py:72(main:withdraw) - DEBUG - {'code': 200, 'msg': '结算成功，账户zhangsan扣款支出1050.0元（包含手续费50.0元),当前余额为：17375.0元'}
2018-04-06 01:49:11 - main.py:31(main:login) - DEBUG - {'code': 200, 'msg': '账户zhangsan成功登录，欢迎您使用本系统'}
2018-04-06 01:49:24 - main.py:115(main:transfer) - DEBUG - {'code': 200, 'msg': '转账成功，转账给账户lisi共计1000元'}
2018-04-06 01:49:41 - main.py:115(main:transfer) - DEBUG - {'code': 400, 'msg': '转账失败，不能对自己账户进行转账操作'}
2018-04-06 01:50:26 - main.py:137(main:history) - DEBUG - {'code': 200, 'msg': '查询成功', 'data': ['{"datetime": "2018-04-05 23:54:34", "account_name": "zhangsan", "action": "\\u63d0\\u73b0", "details": "\\u7ed3\\u7b97\\u6210\\u529f\\uff0c\\u7528\\u6237zhangsan\\u5f53\\u524d\\u4f59\\u989d\\u4e3a\\uff1a14475.0\\u5143"}\n', '{"datetime": "2018-04-06 01:29:20", "account_name": "zhangsan", "action": "\\u8fd8\\u6b3e/\\u5b58\\u6b3e", "details": "\\u7ed3\\u7b97\\u6210\\u529f\\uff0c\\u8d26\\u6237zhangsan\\u5b58\\u51653000\\u5143,\\u5f53\\u524d\\u4f59\\u989d\\u4e3a\\uff1a19475.0\\u5143"}\n', '{"datetime": "2018-04-06 01:29:34", "account_name": "zhangsan", "action": "\\u63d0\\u73b0", "details": "\\u7ed3\\u7b97\\u6210\\u529f\\uff0c\\u8d26\\u6237zhangsan\\u6263\\u6b3e1050.0\\u5143\\uff08\\u5305\\u542b\\u624b\\u7eed\\u8d3950.0\\u5143),\\u5f53\\u524d\\u4f59\\u989d\\u4e3a\\uff1a18425.0\\u5143"}\n', '{"datetime": "2018-04-06 01:29:55", "account_name": "zhangsan", "action": "\\u8f6c\\u8d26", "details": "\\u8f6c\\u8d26\\u6210\\u529f\\uff0c\\u8f6c\\u8d26\\u7ed9\\u8d26\\u6237lisi\\u5171\\u8ba11000\\u5143"}\n', '{"datetime": "2018-04-06 01:43:01", "account_name": "zhangsan", "action": "\\u8fd8\\u6b3e/\\u5b58\\u6b3e", "details": "\\u7ed3\\u7b97\\u6210\\u529f\\uff0c\\u8d26\\u6237zhangsan\\u5b58\\u51651000\\u5143,\\u5f53\\u524d\\u4f59\\u989d\\u4e3a\\uff1a18425.0\\u5143"}\n', '{"datetime": "2018-04-06 01:43:28", "account_name": "zhangsan", "action": "\\u63d0\\u73b0", "details": "\\u7ed3\\u7b97\\u6210\\u529f\\uff0c\\u8d26\\u6237zhangsan\\u6263\\u6b3e\\u652f\\u51fa1050.0\\u5143\\uff08\\u5305\\u542b\\u624b\\u7eed\\u8d3950.0\\u5143),\\u5f53\\u524d\\u4f59\\u989d\\u4e3a\\uff1a17375.0\\u5143"}\n', '{"datetime": "2018-04-06 01:49:24", "account_name": "zhangsan", "action": "\\u8f6c\\u8d26", "details": "\\u8f6c\\u8d26\\u6210\\u529f\\uff0c\\u8f6c\\u8d26\\u7ed9\\u8d26\\u6237lisi\\u5171\\u8ba11000\\u5143"}\n', '{"datetime": "2018-04-06 01:49:41", "account_name": "zhangsan", "action": "\\u8f6c\\u8d26", "details": "\\u8f6c\\u8d26\\u5931\\u8d25\\uff0c\\u4e0d\\u80fd\\u5bf9\\u81ea\\u5df1\\u8d26\\u6237\\u8fdb\\u884c\\u8f6c\\u8d26\\u64cd\\u4f5c"}\n']}
2018-04-06 01:50:31 - main.py:153(main:balance) - DEBUG - {'code': 200, 'msg': '查询成功，您的当前余额为：15375.0元'}
2018-04-06 02:08:40 - main.py:31(main:login) - DEBUG - {'code': 200, 'msg': '账户zhangsan成功登录，欢迎您使用本系统'}
2018-04-06 02:08:45 - main.py:72(main:withdraw) - DEBUG - {'code': 200, 'msg': '结算成功，账户zhangsan扣款支出105.0元（包含手续费5.0元),当前余额为：15270.0元'}
2018-04-06 02:12:50 - main.py:31(main:login) - DEBUG - {'code': 200, 'msg': '账户zhangsan成功登录，欢迎您使用本系统'}
2018-04-06 02:13:10 - main.py:115(main:transfer) - DEBUG - {'code': 200, 'msg': '转账成功，转账给账户lisi共计699元'}
2018-04-06 02:23:41 - main.py:31(main:login) - DEBUG - {'code': 200, 'msg': '账户zhangsan成功登录，欢迎您使用本系统'}
2018-04-06 02:23:53 - main.py:117(main:transfer) - DEBUG - {'code': 200, 'msg': '转账成功，转账给账户lisi共计500元'}
2018-04-06 02:28:13 - main.py:31(main:login) - DEBUG - {'code': 200, 'msg': '账户zhangsan成功登录，欢迎您使用本系统'}
2018-04-06 02:28:28 - main.py:117(main:transfer) - DEBUG - {'code': 200, 'msg': '转账成功，收到账户zhangsan转账共计999元'}
2018-04-06 02:32:32 - main.py:31(main:login) - DEBUG - {'code': 200, 'msg': '账户zhangsan成功登录，欢迎您使用本系统'}
2018-04-06 02:32:34 - main.py:155(main:balance) - DEBUG - {'code': 200, 'msg': '查询成功，您的当前余额为：13072.0元'}
2018-04-06 02:32:45 - main.py:117(main:transfer) - DEBUG - {'code': 200, 'msg': '转账成功，转账给账户lisi共计300元'}
2018-04-06 02:36:47 - main.py:31(main:login) - DEBUG - {'code': 200, 'msg': '账户lisi成功登录，欢迎您使用本系统'}
2018-04-06 02:36:47 - main.py:44(main:logout) - DEBUG - {'code': 200, 'msg': '账户lisi成功登出系统，欢迎再次光临'}
2018-04-06 02:37:08 - main.py:31(main:login) - DEBUG - {'code': 200, 'msg': '账户admin成功登录，欢迎您使用本系统'}
2018-04-06 02:37:36 - main.py:44(main:logout) - DEBUG - {'code': 200, 'msg': '账户admin成功登出系统，欢迎再次光临'}
2018-04-06 02:37:57 - main.py:31(main:login) - DEBUG - {'code': 400, 'msg': '账户zhangsan的密码错误，认证失败'}
2018-04-06 02:38:21 - main.py:31(main:login) - DEBUG - {'code': 200, 'msg': '账户zhangsan成功登录，欢迎您使用本系统'}
2018-04-06 02:38:36 - main.py:155(main:balance) - DEBUG - {'code': 200, 'msg': '查询成功，您的当前余额为：12772.0元'}
2018-04-06 03:09:42 - main.py:31(main:login) - DEBUG - {'code': 200, 'msg': '账户zhangsan成功登录，欢迎您使用本系统'}
2018-04-06 03:10:07 - main.py:179(main:reset) - DEBUG - {'code': 400, 'msg': '修改密码失败，原因：重置密码失败，账户zhangsan的两次设置密码不一致'}
2018-04-06 03:10:25 - main.py:179(main:reset) - DEBUG - {'code': 400, 'msg': '修改密码失败，原密码输入错误'}
2018-04-06 03:11:02 - main.py:31(main:login) - DEBUG - {'code': 200, 'msg': '账户zhangsan成功登录，欢迎您使用本系统'}
2018-04-06 03:11:18 - main.py:179(main:reset) - DEBUG - {'code': 200, 'msg': '修改密码成功'}
2018-04-06 03:12:25 - main.py:44(main:logout) - DEBUG - {'code': 200, 'msg': '账户zhangsan成功登出系统，欢迎再次光临'}
