2018-04-27 23:41:35 - server_handler.py:51(server_handler:register) - DEBUG - {'code': 400, 'msg': '注册用户lisi失败，原因：两次设置密码不一致'}
2018-04-27 23:41:48 - server_handler.py:51(server_handler:register) - DEBUG - {'code': 200, 'msg': '注册用户lisi成功', 'data': {'username': 'lisi', 'password': '123456'}}
2018-04-27 23:42:08 - server_handler.py:65(server_handler:login) - DEBUG - {'code': 400, 'msg': '用户lisi登录失败，原因：用户lisi的密码错误'}
2018-04-27 23:53:24 - server_handler.py:51(server_handler:register) - DEBUG - {'code': 400, 'msg': '注册用户wangwu失败，原因：两次设置密码不一致'}
2018-04-27 23:53:42 - server_handler.py:51(server_handler:register) - DEBUG - {'code': 200, 'msg': '注册用户wangwu成功', 'data': {'username': 'wangwu', 'password': '123456'}}
2018-04-27 23:53:53 - server_handler.py:65(server_handler:login) - DEBUG - {'code': 400, 'msg': '登录失败，原因：用户wangwu的密码错误'}
2018-04-27 23:54:07 - server_handler.py:65(server_handler:login) - DEBUG - {'code': 200, 'msg': '登录成功，欢迎用户wangwu使用本系统'}
2018-04-27 23:54:22 - server_handler.py:79(server_handler:logout) - DEBUG - {'code': 200, 'msg': '登出成功，欢迎用户wangwu再次使用本系统'}
2018-04-27 23:54:44 - server_handler.py:65(server_handler:login) - DEBUG - {'code': 200, 'msg': '登录成功，欢迎用户wangwu使用本系统'}
2018-04-27 23:54:55 - server_handler.py:99(server_handler:show) - DEBUG - {'code': 200, 'msg': '查询个人文件列表成功', 'data': []}
2018-04-27 23:56:20 - server_handler.py:36(server_handler:console) - DEBUG - 远程客户端连接实例(<socket.socket fd=360, family=AddressFamily.AF_INET, type=SocketKind.SOCK_STREAM, proto=0, laddr=('127.0.0.1', 4396), raddr=('127.0.0.1', 53297)>,('127.0.0.1', 53297))意外断开，详细：[WinError 10054] 远程主机强迫关闭了一个现有的连接。
2018-04-27 23:56:38 - server_handler.py:65(server_handler:login) - DEBUG - {'code': 200, 'msg': '登录成功，欢迎用户wangwu使用本系统'}
2018-04-27 23:56:42 - server_handler.py:99(server_handler:show) - DEBUG - {'code': 200, 'msg': '查询个人文件列表成功', 'data': []}
2018-04-28 00:03:23 - server_handler.py:65(server_handler:login) - DEBUG - {'code': 200, 'msg': '登录成功，欢迎用户wangwu使用本系统'}
2018-04-28 00:03:26 - server_handler.py:99(server_handler:show) - DEBUG - {'code': 200, 'msg': '查询个人文件列表成功', 'data': []}
2018-04-28 00:05:27 - server_handler.py:117(server_handler:upload) - DEBUG - {'code': 200, 'msg': '上传文件成功'}
2018-04-28 00:06:58 - server_handler.py:99(server_handler:show) - DEBUG - {'code': 200, 'msg': '查询个人文件列表成功', 'data': ['11.txt']}
2018-04-28 00:07:20 - server_handler.py:137(server_handler:download) - DEBUG - {'code': 200, 'msg': '下载文件成功', 'data': '11122233'}
2018-04-28 00:22:41 - server_handler.py:65(server_handler:login) - DEBUG - {'code': 200, 'msg': '登录成功，欢迎用户wangwu使用本系统'}
2018-04-28 00:22:51 - server_handler.py:118(server_handler:upload) - DEBUG - {'code': 200, 'msg': '上传文件成功'}
2018-04-28 00:23:11 - server_handler.py:99(server_handler:show) - DEBUG - {'code': 200, 'msg': '查询个人文件列表成功', 'data': ['11.txt', '22.txt']}
2018-04-28 00:23:26 - server_handler.py:139(server_handler:download) - DEBUG - {'code': 200, 'msg': '下载文件成功', 'data': '11122233'}
2018-04-28 00:25:19 - server_handler.py:65(server_handler:login) - DEBUG - {'code': 200, 'msg': '登录成功，欢迎用户wangwu使用本系统'}
2018-04-28 00:28:33 - server_handler.py:65(server_handler:login) - DEBUG - {'code': 200, 'msg': '登录成功，欢迎用户zhangsan使用本系统'}
2018-04-28 00:29:53 - server_handler.py:65(server_handler:login) - DEBUG - {'code': 200, 'msg': '登录成功，欢迎用户wangwu使用本系统'}
2018-04-28 00:32:29 - server_handler.py:65(server_handler:login) - DEBUG - {'code': 200, 'msg': '登录成功，欢迎用户wangwu使用本系统'}
